#
# There is insufficient memory for the Java Runtime Environment to continue.
# Native memory allocation (malloc) failed to allocate 411152 bytes for Chunk::new
# Possible reasons:
#   The system is out of physical RAM or swap space
#   The process is running with CompressedOops enabled, and the Java Heap may be blocking the growth of the native heap
# Possible solutions:
#   Reduce memory load on the system
#   Increase physical memory or swap space
#   Check if swap backing store is full
#   Decrease Java heap size (-Xmx/-Xms)
#   Decrease number of Java threads
#   Decrease Java thread stack sizes (-Xss)
#   Set larger code cache with -XX:ReservedCodeCacheSize=
#   JVM is running with Unscaled Compressed Oops mode in which the Java heap is
#     placed in the first 4GB address space. The Java Heap base address is the
#     maximum limit for the native heap growth. Please use -XX:HeapBaseMinAddress
#     to set the Java Heap base and to place the Java Heap above 4GB virtual address.
# This output file may be truncated or incomplete.
#
#  Out of Memory Error (arena.cpp:189), pid=2416, tid=1584
#
# JRE version: Java(TM) SE Runtime Environment (17.0.1+12) (build 17.0.1+12-LTS-39)
# Java VM: Java HotSpot(TM) 64-Bit Server VM (17.0.1+12-LTS-39, mixed mode, sharing, tiered, compressed oops, compressed class ptrs, g1 gc, windows-amd64)
# No core dump will be written. Minidumps are not enabled by default on client versions of Windows
#

---------------  S U M M A R Y ------------

Command Line: --module-path=.\lib\javafx-sdk-11.0.2\lib --add-modules=javafx.controls,javafx.fxml -Dfile.encoding=UTF-8 -XX:+ShowCodeDetailsInExceptionMessages App

Host: 11th Gen Intel(R) Core(TM) i5-1135G7 @ 2.40GHz, 8 cores, 7G,  Windows 10 , 64 bit Build 22000 (10.0.22000.1335)
Time: Sat Feb  4 14:57:09 2023 SE Asia Standard Time elapsed time: 16.216667 seconds (0d 0h 0m 16s)

---------------  T H R E A D  ---------------

Current thread (0x0000026a6bfc5bb0):  JavaThread "C2 CompilerThread0" daemon [_thread_in_native, id=1584, stack(0x0000007feee00000,0x0000007feef00000)]


Current CompileTask:
C2:  16216 3345       4       com.sun.javafx.fxml.BeanAdapter$MethodCache::getMethod (99 bytes)

Stack: [0x0000007feee00000,0x0000007feef00000]
Native frames: (J=compiled Java code, j=interpreted, Vv=VM code, C=native code)
V  [jvm.dll+0x66fa1a]
V  [jvm.dll+0x7ce5a4]
V  [jvm.dll+0x7cfd4e]
V  [jvm.dll+0x7d03b3]
V  [jvm.dll+0x242b05]
V  [jvm.dll+0xaa05b]
V  [jvm.dll+0xaa5ec]
V  [jvm.dll+0x35fa07]
V  [jvm.dll+0x329f51]
V  [jvm.dll+0x3293fa]
V  [jvm.dll+0x215bf1]
V  [jvm.dll+0x215011]
V  [jvm.dll+0x1a168d]
V  [jvm.dll+0x224848]
V  [jvm.dll+0x2229ac]
V  [jvm.dll+0x78435b]
V  [jvm.dll+0x77e91a]
V  [jvm.dll+0x66e845]
C  [ucrtbase.dll+0x26c0c]
C  [KERNEL32.DLL+0x155a0]
C  [ntdll.dll+0x485b]


---------------  P R O C E S S  ---------------

Threads class SMR info:
_java_thread_list=0x0000026a6e669360, length=20, elements={
0x0000026a4bfbbbc0, 0x0000026a6bfa2f00, 0x0000026a6bfa38b0, 0x0000026a6bfb66e0,
0x0000026a6bfb7090, 0x0000026a6bfb8a50, 0x0000026a6bfb9400, 0x0000026a6bfc5bb0,
0x0000026a6bfeea70, 0x0000026a6bff9460, 0x0000026a6bf8e730, 0x0000026a6d39a050,
0x0000026a6d6ac740, 0x0000026a6e08b770, 0x0000026a6d07f5b0, 0x0000026a6d9e1c50,
0x0000026a6d6b6cd0, 0x0000026a6e2d42e0, 0x0000026a75015a90, 0x0000026a6e456e00
}

Java Threads: ( => current thread )
  0x0000026a4bfbbbc0 JavaThread "main" [_thread_blocked, id=7860, stack(0x0000007fee100000,0x0000007fee200000)]
  0x0000026a6bfa2f00 JavaThread "Reference Handler" daemon [_thread_blocked, id=8212, stack(0x0000007fee800000,0x0000007fee900000)]
  0x0000026a6bfa38b0 JavaThread "Finalizer" daemon [_thread_blocked, id=7948, stack(0x0000007fee900000,0x0000007feea00000)]
  0x0000026a6bfb66e0 JavaThread "Signal Dispatcher" daemon [_thread_blocked, id=3212, stack(0x0000007feea00000,0x0000007feeb00000)]
  0x0000026a6bfb7090 JavaThread "Attach Listener" daemon [_thread_blocked, id=13916, stack(0x0000007feeb00000,0x0000007feec00000)]
  0x0000026a6bfb8a50 JavaThread "Service Thread" daemon [_thread_blocked, id=12464, stack(0x0000007feec00000,0x0000007feed00000)]
  0x0000026a6bfb9400 JavaThread "Monitor Deflation Thread" daemon [_thread_blocked, id=10936, stack(0x0000007feed00000,0x0000007feee00000)]
=>0x0000026a6bfc5bb0 JavaThread "C2 CompilerThread0" daemon [_thread_in_native, id=1584, stack(0x0000007feee00000,0x0000007feef00000)]
  0x0000026a6bfeea70 JavaThread "C1 CompilerThread0" daemon [_thread_blocked, id=9004, stack(0x0000007feef00000,0x0000007fef000000)]
  0x0000026a6bff9460 JavaThread "Sweeper thread" daemon [_thread_blocked, id=14024, stack(0x0000007fef000000,0x0000007fef100000)]
  0x0000026a6bf8e730 JavaThread "Common-Cleaner" daemon [_thread_blocked, id=11236, stack(0x0000007fef100000,0x0000007fef200000)]
  0x0000026a6d39a050 JavaThread "Notification Thread" daemon [_thread_blocked, id=14888, stack(0x0000007fef400000,0x0000007fef500000)]
  0x0000026a6d6ac740 JavaThread "QuantumRenderer-0" daemon [_thread_blocked, id=13220, stack(0x0000007fef600000,0x0000007fef700000)]
  0x0000026a6e08b770 JavaThread "InvokeLaterDispatcher" daemon [_thread_blocked, id=5392, stack(0x0000007fef700000,0x0000007fef800000)]
  0x0000026a6d07f5b0 JavaThread "JavaFX Application Thread" [_thread_in_vm, id=11540, stack(0x0000007fef800000,0x0000007fef900000)]
  0x0000026a6d9e1c50 JavaThread "JavaFX-Launcher" [_thread_blocked, id=12612, stack(0x0000007fefd00000,0x0000007fefe00000)]
  0x0000026a6d6b6cd0 JavaThread "Thread-2" daemon [_thread_in_native, id=7164, stack(0x0000007fefc00000,0x0000007fefd00000)]
  0x0000026a6e2d42e0 JavaThread "Prism Font Disposer" daemon [_thread_blocked, id=1572, stack(0x0000007ff0300000,0x0000007ff0400000)]
  0x0000026a75015a90 JavaThread "Cleaner-0" daemon [_thread_blocked, id=8724, stack(0x0000007ff0700000,0x0000007ff0800000)]
  0x0000026a6e456e00 JavaThread "mysql-cj-abandoned-connection-cleanup" daemon [_thread_blocked, id=5980, stack(0x0000007fef200000,0x0000007fef300000)]

Other Threads:
  0x0000026a6bf9d560 VMThread "VM Thread" [stack: 0x0000007fee700000,0x0000007fee800000] [id=10640]
  0x0000026a4e164cc0 WatcherThread [stack: 0x0000007fef500000,0x0000007fef600000] [id=5148]
  0x0000026a4e145660 GCTaskThread "GC Thread#0" [stack: 0x0000007fee200000,0x0000007fee300000] [id=4836]
  0x0000026a6d70d270 GCTaskThread "GC Thread#1" [stack: 0x0000007fefe00000,0x0000007feff00000] [id=6064]
  0x0000026a6dab7ea0 GCTaskThread "GC Thread#2" [stack: 0x0000007feff00000,0x0000007ff0000000] [id=14772]
  0x0000026a6d6ffc30 GCTaskThread "GC Thread#3" [stack: 0x0000007ff0000000,0x0000007ff0100000] [id=15080]
  0x0000026a6dd66830 GCTaskThread "GC Thread#4" [stack: 0x0000007ff0100000,0x0000007ff0200000] [id=2464]
  0x0000026a6dd66ae0 GCTaskThread "GC Thread#5" [stack: 0x0000007ff0200000,0x0000007ff0300000] [id=10800]
  0x0000026a6e144ca0 GCTaskThread "GC Thread#6" [stack: 0x0000007fef300000,0x0000007fef400000] [id=2600]
  0x0000026a6e13e700 GCTaskThread "GC Thread#7" [stack: 0x0000007ff0b00000,0x0000007ff0c00000] [id=8788]
  0x0000026a4e156620 ConcurrentGCThread "G1 Main Marker" [stack: 0x0000007fee300000,0x0000007fee400000] [id=14528]
  0x0000026a4e158040 ConcurrentGCThread "G1 Conc#0" [stack: 0x0000007fee400000,0x0000007fee500000] [id=12524]
  0x0000026a6e6ac1f0 ConcurrentGCThread "G1 Conc#1" [stack: 0x0000007ff0e00000,0x0000007ff0f00000] [id=4844]
  0x0000026a4e1d3220 ConcurrentGCThread "G1 Refine#0" [stack: 0x0000007fee500000,0x0000007fee600000] [id=12472]
  0x0000026a4e1d7a10 ConcurrentGCThread "G1 Service" [stack: 0x0000007fee600000,0x0000007fee700000] [id=8992]

Threads with active compile tasks:
C2 CompilerThread0    16236 3345       4       com.sun.javafx.fxml.BeanAdapter$MethodCache::getMethod (99 bytes)
C1 CompilerThread0    16237 3398   !   3       com.sun.javafx.css.StyleManager::gatherParentStylesheets (52 bytes)

VM state: not at safepoint (normal execution)

VM Mutex/Monitor currently owned by a thread: None

Heap address: 0x0000000084400000, size: 1980 MB, Compressed Oops mode: 32-bit

CDS archive(s) mapped at: [0x0000000800000000-0x0000000800bc0000-0x0000000800bc0000), size 12320768, SharedBaseAddress: 0x0000000800000000, ArchiveRelocationMode: 0.
Compressed class space mapped at: 0x0000000800c00000-0x0000000840c00000, reserved size: 1073741824
Narrow klass base: 0x0000000800000000, Narrow klass shift: 0, Narrow klass range: 0x100000000

GC Precious Log:
 CPUs: 8 total, 8 available
 Memory: 7918M
 Large Page Support: Disabled
 NUMA Support: Disabled
 Compressed Oops: Enabled (32-bit)
 Heap Region Size: 1M
 Heap Min Capacity: 8M
 Heap Initial Capacity: 124M
 Heap Max Capacity: 1980M
 Pre-touch: Disabled
 Parallel Workers: 8
 Concurrent Workers: 2
 Concurrent Refinement Workers: 8
 Periodic GC: Disabled

Heap:
 garbage-first heap   total 102400K, used 58396K [0x0000000084400000, 0x0000000100000000)
  region size 1024K, 19 young (19456K), 4 survivors (4096K)
 Metaspace       used 23945K, committed 24192K, reserved 1073152K
  class space    used 3148K, committed 3264K, reserved 1048576K

Heap Regions: E=young(eden), S=young(survivor), O=old, HS=humongous(starts), HC=humongous(continues), CS=collection set, F=free, OA=open archive, CA=closed archive, TAMS=top-at-mark-start (previous, next)
|   0|0x0000000084400000, 0x0000000084500000, 0x0000000084500000|100%| O|  |TAMS 0x0000000084500000, 0x0000000084400000| Untracked 
|   1|0x0000000084500000, 0x0000000084600000, 0x0000000084600000|100%| O|  |TAMS 0x0000000084600000, 0x0000000084500000| Untracked 
|   2|0x0000000084600000, 0x0000000084700000, 0x0000000084700000|100%|HS|  |TAMS 0x0000000084700000, 0x0000000084600000| Complete 
|   3|0x0000000084700000, 0x0000000084800000, 0x0000000084800000|100%|HC|  |TAMS 0x0000000084800000, 0x0000000084700000| Complete 
|   4|0x0000000084800000, 0x0000000084900000, 0x0000000084900000|100%|HS|  |TAMS 0x0000000084900000, 0x0000000084800000| Complete 
|   5|0x0000000084900000, 0x0000000084a00000, 0x0000000084a00000|100%|HC|  |TAMS 0x0000000084a00000, 0x0000000084900000| Complete 
|   6|0x0000000084a00000, 0x0000000084b00000, 0x0000000084b00000|100%|HS|  |TAMS 0x0000000084b00000, 0x0000000084a00000| Complete 
|   7|0x0000000084b00000, 0x0000000084c00000, 0x0000000084c00000|100%|HC|  |TAMS 0x0000000084c00000, 0x0000000084b00000| Complete 
|   8|0x0000000084c00000, 0x0000000084d00000, 0x0000000084d00000|100%|HS|  |TAMS 0x0000000084d00000, 0x0000000084c00000| Complete 
|   9|0x0000000084d00000, 0x0000000084e00000, 0x0000000084e00000|100%|HC|  |TAMS 0x0000000084e00000, 0x0000000084d00000| Complete 
|  10|0x0000000084e00000, 0x0000000084f00000, 0x0000000084f00000|100%|HS|  |TAMS 0x0000000084f00000, 0x0000000084e00000| Complete 
|  11|0x0000000084f00000, 0x0000000085000000, 0x0000000085000000|100%|HC|  |TAMS 0x0000000085000000, 0x0000000084f00000| Complete 
|  12|0x0000000085000000, 0x0000000085100000, 0x0000000085100000|100%|HC|  |TAMS 0x0000000085100000, 0x0000000085000000| Complete 
|  13|0x0000000085100000, 0x0000000085200000, 0x0000000085200000|100%|HS|  |TAMS 0x0000000085200000, 0x0000000085100000| Complete 
|  14|0x0000000085200000, 0x0000000085300000, 0x0000000085300000|100%|HC|  |TAMS 0x0000000085300000, 0x0000000085200000| Complete 
|  15|0x0000000085300000, 0x0000000085400000, 0x0000000085400000|100%|HS|  |TAMS 0x0000000085400000, 0x0000000085300000| Complete 
|  16|0x0000000085400000, 0x0000000085500000, 0x0000000085500000|100%|HC|  |TAMS 0x0000000085500000, 0x0000000085400000| Complete 
|  17|0x0000000085500000, 0x0000000085600000, 0x0000000085600000|100%| O|  |TAMS 0x0000000085600000, 0x0000000085500000| Untracked 
|  18|0x0000000085600000, 0x0000000085700000, 0x0000000085700000|100%| O|  |TAMS 0x0000000085700000, 0x0000000085600000| Untracked 
|  19|0x0000000085700000, 0x0000000085800000, 0x0000000085800000|100%| O|  |TAMS 0x000000008575f400, 0x0000000085700000| Untracked 
|  20|0x0000000085800000, 0x0000000085900000, 0x0000000085900000|100%| O|  |TAMS 0x0000000085800000, 0x0000000085800000| Untracked 
|  21|0x0000000085900000, 0x0000000085a00000, 0x0000000085a00000|100%| O|  |TAMS 0x0000000085900000, 0x0000000085900000| Untracked 
|  22|0x0000000085a00000, 0x0000000085b00000, 0x0000000085b00000|100%| O|  |TAMS 0x0000000085a00000, 0x0000000085a00000| Untracked 
|  23|0x0000000085b00000, 0x0000000085c00000, 0x0000000085c00000|100%| O|  |TAMS 0x0000000085b00000, 0x0000000085b00000| Untracked 
|  24|0x0000000085c00000, 0x0000000085c66000, 0x0000000085d00000| 39%| O|  |TAMS 0x0000000085c00000, 0x0000000085c00000| Untracked 
|  25|0x0000000085d00000, 0x0000000085e00000, 0x0000000085e00000|100%|HS|  |TAMS 0x0000000085d00000, 0x0000000085d00000| Complete 
|  26|0x0000000085e00000, 0x0000000085f00000, 0x0000000085f00000|100%|HC|  |TAMS 0x0000000085e00000, 0x0000000085e00000| Complete 
|  27|0x0000000085f00000, 0x0000000086000000, 0x0000000086000000|100%|HS|  |TAMS 0x0000000085f00000, 0x0000000085f00000| Complete 
|  28|0x0000000086000000, 0x0000000086100000, 0x0000000086100000|100%|HC|  |TAMS 0x0000000086000000, 0x0000000086000000| Complete 
|  29|0x0000000086100000, 0x0000000086200000, 0x0000000086200000|100%|HS|  |TAMS 0x0000000086100000, 0x0000000086100000| Complete 
|  30|0x0000000086200000, 0x0000000086300000, 0x0000000086300000|100%|HC|  |TAMS 0x0000000086200000, 0x0000000086200000| Complete 
|  31|0x0000000086300000, 0x0000000086400000, 0x0000000086400000|100%|HS|  |TAMS 0x0000000086300000, 0x0000000086300000| Complete 
|  32|0x0000000086400000, 0x0000000086500000, 0x0000000086500000|100%|HC|  |TAMS 0x0000000086400000, 0x0000000086400000| Complete 
|  33|0x0000000086500000, 0x0000000086600000, 0x0000000086600000|100%|HC|  |TAMS 0x0000000086500000, 0x0000000086500000| Complete 
|  34|0x0000000086600000, 0x0000000086700000, 0x0000000086700000|100%|HS|  |TAMS 0x0000000086600000, 0x0000000086600000| Complete 
|  35|0x0000000086700000, 0x0000000086800000, 0x0000000086800000|100%|HC|  |TAMS 0x0000000086700000, 0x0000000086700000| Complete 
|  36|0x0000000086800000, 0x0000000086900000, 0x0000000086900000|100%|HS|  |TAMS 0x0000000086800000, 0x0000000086800000| Complete 
|  37|0x0000000086900000, 0x0000000086a00000, 0x0000000086a00000|100%|HC|  |TAMS 0x0000000086900000, 0x0000000086900000| Complete 
|  38|0x0000000086a00000, 0x0000000086b00000, 0x0000000086b00000|100%|HS|  |TAMS 0x0000000086a00000, 0x0000000086a00000| Complete 
|  39|0x0000000086b00000, 0x0000000086c00000, 0x0000000086c00000|100%|HC|  |TAMS 0x0000000086b00000, 0x0000000086b00000| Complete 
|  40|0x0000000086c00000, 0x0000000086c00000, 0x0000000086d00000|  0%| F|  |TAMS 0x0000000086c00000, 0x0000000086c00000| Untracked 
|  41|0x0000000086d00000, 0x0000000086d00000, 0x0000000086e00000|  0%| F|  |TAMS 0x0000000086d00000, 0x0000000086d00000| Untracked 
|  42|0x0000000086e00000, 0x0000000086e00000, 0x0000000086f00000|  0%| F|  |TAMS 0x0000000086e00000, 0x0000000086e00000| Untracked 
|  43|0x0000000086f00000, 0x0000000086f00000, 0x0000000087000000|  0%| F|  |TAMS 0x0000000086f00000, 0x0000000086f00000| Untracked 
|  44|0x0000000087000000, 0x0000000087000000, 0x0000000087100000|  0%| F|  |TAMS 0x0000000087000000, 0x0000000087000000| Untracked 
|  45|0x0000000087100000, 0x0000000087100000, 0x0000000087200000|  0%| F|  |TAMS 0x0000000087100000, 0x0000000087100000| Untracked 
|  46|0x0000000087200000, 0x0000000087200000, 0x0000000087300000|  0%| F|  |TAMS 0x0000000087200000, 0x0000000087200000| Untracked 
|  47|0x0000000087300000, 0x0000000087300000, 0x0000000087400000|  0%| F|  |TAMS 0x0000000087300000, 0x0000000087300000| Untracked 
|  48|0x0000000087400000, 0x0000000087400000, 0x0000000087500000|  0%| F|  |TAMS 0x0000000087400000, 0x0000000087400000| Untracked 
|  49|0x0000000087500000, 0x0000000087500000, 0x0000000087600000|  0%| F|  |TAMS 0x0000000087500000, 0x0000000087500000| Untracked 
|  50|0x0000000087600000, 0x0000000087600000, 0x0000000087700000|  0%| F|  |TAMS 0x0000000087600000, 0x0000000087600000| Untracked 
|  51|0x0000000087700000, 0x0000000087700000, 0x0000000087800000|  0%| F|  |TAMS 0x0000000087700000, 0x0000000087700000| Untracked 
|  52|0x0000000087800000, 0x0000000087800000, 0x0000000087900000|  0%| F|  |TAMS 0x0000000087800000, 0x0000000087800000| Untracked 
|  53|0x0000000087900000, 0x0000000087900000, 0x0000000087a00000|  0%| F|  |TAMS 0x0000000087900000, 0x0000000087900000| Untracked 
|  54|0x0000000087a00000, 0x0000000087a00000, 0x0000000087b00000|  0%| F|  |TAMS 0x0000000087a00000, 0x0000000087a00000| Untracked 
|  55|0x0000000087b00000, 0x0000000087b00000, 0x0000000087c00000|  0%| F|  |TAMS 0x0000000087b00000, 0x0000000087b00000| Untracked 
|  56|0x0000000087c00000, 0x0000000087c00000, 0x0000000087d00000|  0%| F|  |TAMS 0x0000000087c00000, 0x0000000087c00000| Untracked 
|  57|0x0000000087d00000, 0x0000000087d00000, 0x0000000087e00000|  0%| F|  |TAMS 0x0000000087d00000, 0x0000000087d00000| Untracked 
|  58|0x0000000087e00000, 0x0000000087e00000, 0x0000000087f00000|  0%| F|  |TAMS 0x0000000087e00000, 0x0000000087e00000| Untracked 
|  59|0x0000000087f00000, 0x0000000087f00000, 0x0000000088000000|  0%| F|  |TAMS 0x0000000087f00000, 0x0000000087f00000| Untracked 
|  60|0x0000000088000000, 0x0000000088000000, 0x0000000088100000|  0%| F|  |TAMS 0x0000000088000000, 0x0000000088000000| Untracked 
|  61|0x0000000088100000, 0x0000000088100000, 0x0000000088200000|  0%| F|  |TAMS 0x0000000088100000, 0x0000000088100000| Untracked 
|  62|0x0000000088200000, 0x0000000088200000, 0x0000000088300000|  0%| F|  |TAMS 0x0000000088200000, 0x0000000088200000| Untracked 
|  63|0x0000000088300000, 0x0000000088300000, 0x0000000088400000|  0%| F|  |TAMS 0x0000000088300000, 0x0000000088300000| Untracked 
|  64|0x0000000088400000, 0x0000000088400000, 0x0000000088500000|  0%| F|  |TAMS 0x0000000088400000, 0x0000000088400000| Untracked 
|  65|0x0000000088500000, 0x0000000088500000, 0x0000000088600000|  0%| F|  |TAMS 0x0000000088500000, 0x0000000088500000| Untracked 
|  66|0x0000000088600000, 0x0000000088600000, 0x0000000088700000|  0%| F|  |TAMS 0x0000000088600000, 0x0000000088600000| Untracked 
|  67|0x0000000088700000, 0x0000000088700000, 0x0000000088800000|  0%| F|  |TAMS 0x0000000088700000, 0x0000000088700000| Untracked 
|  68|0x0000000088800000, 0x0000000088800000, 0x0000000088900000|  0%| F|  |TAMS 0x0000000088800000, 0x0000000088800000| Untracked 
|  69|0x0000000088900000, 0x0000000088900000, 0x0000000088a00000|  0%| F|  |TAMS 0x0000000088900000, 0x0000000088900000| Untracked 
|  70|0x0000000088a00000, 0x0000000088a00000, 0x0000000088b00000|  0%| F|  |TAMS 0x0000000088a00000, 0x0000000088a00000| Untracked 
|  71|0x0000000088b00000, 0x0000000088b00000, 0x0000000088c00000|  0%| F|  |TAMS 0x0000000088b00000, 0x0000000088b00000| Untracked 
|  72|0x0000000088c00000, 0x0000000088c00000, 0x0000000088d00000|  0%| F|  |TAMS 0x0000000088c00000, 0x0000000088c00000| Untracked 
|  73|0x0000000088d00000, 0x0000000088d00000, 0x0000000088e00000|  0%| F|  |TAMS 0x0000000088d00000, 0x0000000088d00000| Untracked 
|  74|0x0000000088e00000, 0x0000000088e00000, 0x0000000088f00000|  0%| F|  |TAMS 0x0000000088e00000, 0x0000000088e00000| Untracked 
|  75|0x0000000088f00000, 0x0000000088f00000, 0x0000000089000000|  0%| F|  |TAMS 0x0000000088f00000, 0x0000000088f00000| Untracked 
|  76|0x0000000089000000, 0x0000000089000000, 0x0000000089100000|  0%| F|  |TAMS 0x0000000089000000, 0x0000000089000000| Untracked 
|  77|0x0000000089100000, 0x0000000089100000, 0x0000000089200000|  0%| F|  |TAMS 0x0000000089100000, 0x0000000089100000| Untracked 
|  78|0x0000000089200000, 0x0000000089200000, 0x0000000089300000|  0%| F|  |TAMS 0x0000000089200000, 0x0000000089200000| Untracked 
|  79|0x0000000089300000, 0x0000000089300000, 0x0000000089400000|  0%| F|  |TAMS 0x0000000089300000, 0x0000000089300000| Untracked 
|  80|0x0000000089400000, 0x0000000089400000, 0x0000000089500000|  0%| F|  |TAMS 0x0000000089400000, 0x0000000089400000| Untracked 
|  81|0x0000000089500000, 0x0000000089600000, 0x0000000089600000|100%| E|  |TAMS 0x0000000089500000, 0x0000000089500000| Complete 
|  82|0x0000000089600000, 0x0000000089700000, 0x0000000089700000|100%| E|CS|TAMS 0x0000000089600000, 0x0000000089600000| Complete 
|  83|0x0000000089700000, 0x0000000089800000, 0x0000000089800000|100%| E|CS|TAMS 0x0000000089700000, 0x0000000089700000| Complete 
|  84|0x0000000089800000, 0x0000000089900000, 0x0000000089900000|100%| E|CS|TAMS 0x0000000089800000, 0x0000000089800000| Complete 
|  85|0x0000000089900000, 0x0000000089a00000, 0x0000000089a00000|100%| E|CS|TAMS 0x0000000089900000, 0x0000000089900000| Complete 
|  86|0x0000000089a00000, 0x0000000089b00000, 0x0000000089b00000|100%| E|CS|TAMS 0x0000000089a00000, 0x0000000089a00000| Complete 
|  87|0x0000000089b00000, 0x0000000089c00000, 0x0000000089c00000|100%| E|CS|TAMS 0x0000000089b00000, 0x0000000089b00000| Complete 
|  88|0x0000000089c00000, 0x0000000089d00000, 0x0000000089d00000|100%| E|CS|TAMS 0x0000000089c00000, 0x0000000089c00000| Complete 
|  89|0x0000000089d00000, 0x0000000089e00000, 0x0000000089e00000|100%| E|CS|TAMS 0x0000000089d00000, 0x0000000089d00000| Complete 
|  90|0x0000000089e00000, 0x0000000089f00000, 0x0000000089f00000|100%| E|CS|TAMS 0x0000000089e00000, 0x0000000089e00000| Complete 
|  91|0x0000000089f00000, 0x000000008a000000, 0x000000008a000000|100%| E|CS|TAMS 0x0000000089f00000, 0x0000000089f00000| Complete 
|  92|0x000000008a000000, 0x000000008a100000, 0x000000008a100000|100%| E|CS|TAMS 0x000000008a000000, 0x000000008a000000| Complete 
|  93|0x000000008a100000, 0x000000008a200000, 0x000000008a200000|100%| E|CS|TAMS 0x000000008a100000, 0x000000008a100000| Complete 
|  94|0x000000008a200000, 0x000000008a300000, 0x000000008a300000|100%| E|CS|TAMS 0x000000008a200000, 0x000000008a200000| Complete 
| 104|0x000000008ac00000, 0x000000008aca10d0, 0x000000008ad00000| 62%| S|CS|TAMS 0x000000008ac00000, 0x000000008ac00000| Complete 
| 105|0x000000008ad00000, 0x000000008ae00000, 0x000000008ae00000|100%| S|CS|TAMS 0x000000008ad00000, 0x000000008ad00000| Complete 
| 106|0x000000008ae00000, 0x000000008af00000, 0x000000008af00000|100%| S|CS|TAMS 0x000000008ae00000, 0x000000008ae00000| Complete 
| 107|0x000000008af00000, 0x000000008b000000, 0x000000008b000000|100%| S|CS|TAMS 0x000000008af00000, 0x000000008af00000| Complete 
| 123|0x000000008bf00000, 0x000000008c000000, 0x000000008c000000|100%| E|CS|TAMS 0x000000008bf00000, 0x000000008bf00000| Complete 

Card table byte_map: [0x0000026a65030000,0x0000026a65410000] _byte_map_base: 0x0000026a64c0e000

Marking Bits (Prev, Next): (CMBitMap*) 0x0000026a4e145cb0, (CMBitMap*) 0x0000026a4e145c70
 Prev Bits: [0x0000026a676e0000, 0x0000026a695d0000)
 Next Bits: [0x0000026a657f0000, 0x0000026a676e0000)

Polling page: 0x0000026a4d8e0000

Metaspace:

Usage:
  Non-class:     20.32 MB used.
      Class:      3.08 MB used.
       Both:     23.40 MB used.

Virtual space:
  Non-class space:       24.00 MB reserved,      20.44 MB ( 85%) committed,  3 nodes.
      Class space:        1.00 GB reserved,       3.19 MB ( <1%) committed,  1 nodes.
             Both:        1.02 GB reserved,      23.62 MB (  2%) committed. 

Chunk freelists:
   Non-Class:  2.85 MB
       Class:  711.00 KB
        Both:  3.54 MB

MaxMetaspaceSize: unlimited
CompressedClassSpaceSize: 1.00 GB
Initial GC threshold: 21.00 MB
Current GC threshold: 35.12 MB
CDS: on
MetaspaceReclaimPolicy: balanced
 - commit_granule_bytes: 65536.
 - commit_granule_words: 8192.
 - virtual_space_node_default_size: 1048576.
 - enlarge_chunks_in_place: 1.
 - new_chunks_are_fully_committed: 0.
 - uncommit_free_chunks: 1.
 - use_allocation_guard: 0.
 - handle_deallocations: 1.


Internal statistics:

num_allocs_failed_limit: 3.
num_arena_births: 230.
num_arena_deaths: 0.
num_vsnodes_births: 4.
num_vsnodes_deaths: 0.
num_space_committed: 378.
num_space_uncommitted: 0.
num_chunks_returned_to_freelist: 3.
num_chunks_taken_from_freelist: 896.
num_chunk_merges: 3.
num_chunk_splits: 611.
num_chunks_enlarged: 461.
num_purges: 0.
num_inconsistent_stats: 0.

CodeHeap 'non-profiled nmethods': size=120000Kb used=1380Kb max_used=1380Kb free=118619Kb
 bounds [0x0000026a5d3e0000, 0x0000026a5d650000, 0x0000026a64910000]
CodeHeap 'profiled nmethods': size=120000Kb used=6668Kb max_used=6668Kb free=113331Kb
 bounds [0x0000026a55eb0000, 0x0000026a56540000, 0x0000026a5d3e0000]
CodeHeap 'non-nmethods': size=5760Kb used=1522Kb max_used=1548Kb free=4237Kb
 bounds [0x0000026a55910000, 0x0000026a55b80000, 0x0000026a55eb0000]
 total_blobs=4283 nmethods=3392 adapters=802
 compilation: enabled
              stopped_count=0, restarted_count=0
 full_count=0

Compilation events (20 events):
Event: 16.197 Thread 0x0000026a6bfeea70 3360       3       javafx.scene.Node::getTypeSelector (63 bytes)
Event: 16.198 Thread 0x0000026a6bfeea70 nmethod 3360 0x0000026a564fe890 code [0x0000026a564feae0, 0x0000026a564ff3b8]
Event: 16.198 Thread 0x0000026a6bfeea70 3361       3       com.sun.javafx.scene.NodeHelper::transformsChanged (9 bytes)
Event: 16.198 Thread 0x0000026a6bfeea70 nmethod 3361 0x0000026a564ff790 code [0x0000026a564ff960, 0x0000026a564ffcb8]
Event: 16.202 Thread 0x0000026a6bfeea70 3362       3       javafx.scene.Node::reapplyCss (174 bytes)
Event: 16.203 Thread 0x0000026a6bfeea70 nmethod 3362 0x0000026a564ffe90 code [0x0000026a56500180, 0x0000026a56501808]
Event: 16.203 Thread 0x0000026a6bfeea70 3364       3       com.sun.javafx.css.StyleManager$Cache::getStyleMap (400 bytes)
Event: 16.206 Thread 0x0000026a6bfeea70 nmethod 3364 0x0000026a56501c90 code [0x0000026a56502160, 0x0000026a565050d8]
Event: 16.206 Thread 0x0000026a6bfeea70 3365       3       com.sun.javafx.css.CascadingStyle::<init> (42 bytes)
Event: 16.207 Thread 0x0000026a6bfeea70 nmethod 3365 0x0000026a56506210 code [0x0000026a565063c0, 0x0000026a56506688]
Event: 16.207 Thread 0x0000026a6bfeea70 3368       3       javafx.collections.ListChangeListener$Change::wasRemoved (18 bytes)
Event: 16.207 Thread 0x0000026a6bfeea70 nmethod 3368 0x0000026a56506790 code [0x0000026a56506940, 0x0000026a56506c18]
Event: 16.207 Thread 0x0000026a6bfeea70 3369       3       com.sun.javafx.scene.control.inputmap.InputMap::addEventHandler (53 bytes)
Event: 16.208 Thread 0x0000026a6bfeea70 nmethod 3369 0x0000026a56506d10 code [0x0000026a56507020, 0x0000026a565080a8]
Event: 16.208 Thread 0x0000026a6bfeea70 3367       3       com.sun.javafx.scene.shape.ShapeHelper::markDirtyImpl (17 bytes)
Event: 16.208 Thread 0x0000026a6bfeea70 nmethod 3367 0x0000026a56508710 code [0x0000026a56508900, 0x0000026a56508e38]
Event: 16.208 Thread 0x0000026a6bfeea70 3363       3       com.sun.javafx.css.StyleManager::access$400 (4 bytes)
Event: 16.208 Thread 0x0000026a6bfeea70 nmethod 3363 0x0000026a56509110 code [0x0000026a565092a0, 0x0000026a56509398]
Event: 16.208 Thread 0x0000026a6bfeea70 3366       1       javafx.css.SimpleSelector::getNodeOrientation (5 bytes)
Event: 16.208 Thread 0x0000026a6bfeea70 nmethod 3366 0x0000026a5d539010 code [0x0000026a5d5391a0, 0x0000026a5d539278]

GC Heap History (6 events):
Event: 0.489 GC heap before
{Heap before GC invocations=0 (full 0):
 garbage-first heap   total 126976K, used 22528K [0x0000000084400000, 0x0000000100000000)
  region size 1024K, 23 young (23552K), 0 survivors (0K)
 Metaspace       used 5066K, committed 5248K, reserved 1056768K
  class space    used 573K, committed 640K, reserved 1048576K
}
Event: 0.492 GC heap after
{Heap after GC invocations=1 (full 0):
 garbage-first heap   total 126976K, used 4245K [0x0000000084400000, 0x0000000100000000)
  region size 1024K, 3 young (3072K), 3 survivors (3072K)
 Metaspace       used 5066K, committed 5248K, reserved 1056768K
  class space    used 573K, committed 640K, reserved 1048576K
}
Event: 2.551 GC heap before
{Heap before GC invocations=1 (full 0):
 garbage-first heap   total 126976K, used 50325K [0x0000000084400000, 0x0000000100000000)
  region size 1024K, 33 young (33792K), 3 survivors (3072K)
 Metaspace       used 12765K, committed 12992K, reserved 1064960K
  class space    used 1723K, committed 1856K, reserved 1048576K
}
Event: 2.560 GC heap after
{Heap after GC invocations=2 (full 0):
 garbage-first heap   total 126976K, used 24812K [0x0000000084400000, 0x0000000100000000)
  region size 1024K, 5 young (5120K), 5 survivors (5120K)
 Metaspace       used 12765K, committed 12992K, reserved 1064960K
  class space    used 1723K, committed 1856K, reserved 1048576K
}
Event: 3.020 GC heap before
{Heap before GC invocations=2 (full 0):
 garbage-first heap   total 126976K, used 40172K [0x0000000084400000, 0x0000000100000000)
  region size 1024K, 21 young (21504K), 5 survivors (5120K)
 Metaspace       used 21253K, committed 21504K, reserved 1073152K
  class space    used 2635K, committed 2752K, reserved 1048576K
}
Event: 3.026 GC heap after
{Heap after GC invocations=3 (full 0):
 garbage-first heap   total 126976K, used 28700K [0x0000000084400000, 0x0000000100000000)
  region size 1024K, 4 young (4096K), 4 survivors (4096K)
 Metaspace       used 21253K, committed 21504K, reserved 1073152K
  class space    used 2635K, committed 2752K, reserved 1048576K
}

Deoptimization events (20 events):
Event: 6.014 Thread 0x0000026a6d6ac740 DEOPT PACKING pc=0x0000026a561528d7 sp=0x0000007fef6fdd20
Event: 6.014 Thread 0x0000026a6d6ac740 DEOPT UNPACKING pc=0x0000026a55966763 sp=0x0000007fef6fd180 mode 0
Event: 6.014 Thread 0x0000026a6d6ac740 DEOPT PACKING pc=0x0000026a561528d7 sp=0x0000007fef6fdd20
Event: 6.014 Thread 0x0000026a6d6ac740 DEOPT UNPACKING pc=0x0000026a55966763 sp=0x0000007fef6fd180 mode 0
Event: 16.187 Thread 0x0000026a6d07f5b0 Uncommon trap: trap_request=0xffffff45 fr.pc=0x0000026a5d4bca80 relative=0x0000000000000060
Event: 16.187 Thread 0x0000026a6d07f5b0 Uncommon trap: reason=unstable_if action=reinterpret pc=0x0000026a5d4bca80 method=java.util.stream.StreamOpFlag.fromCharacteristics(Ljava/util/Spliterator;)I @ 10 c2
Event: 16.187 Thread 0x0000026a6d07f5b0 DEOPT PACKING pc=0x0000026a5d4bca80 sp=0x0000007fef8fb370
Event: 16.187 Thread 0x0000026a6d07f5b0 DEOPT UNPACKING pc=0x0000026a55965c23 sp=0x0000007fef8fb308 mode 2
Event: 16.193 Thread 0x0000026a6d07f5b0 Uncommon trap: trap_request=0xffffff45 fr.pc=0x0000026a5d494308 relative=0x0000000000000548
Event: 16.193 Thread 0x0000026a6d07f5b0 Uncommon trap: reason=unstable_if action=reinterpret pc=0x0000026a5d494308 method=java.lang.AbstractStringBuilder.putStringAt(ILjava/lang/String;II)V @ 8 c2
Event: 16.193 Thread 0x0000026a6d07f5b0 DEOPT PACKING pc=0x0000026a5d494308 sp=0x0000007fef8fbe50
Event: 16.193 Thread 0x0000026a6d07f5b0 DEOPT UNPACKING pc=0x0000026a55965c23 sp=0x0000007fef8fbcd8 mode 2
Event: 16.193 Thread 0x0000026a6d07f5b0 Uncommon trap: trap_request=0xffffff45 fr.pc=0x0000026a5d427708 relative=0x0000000000000548
Event: 16.193 Thread 0x0000026a6d07f5b0 Uncommon trap: reason=unstable_if action=reinterpret pc=0x0000026a5d427708 method=java.lang.AbstractStringBuilder.putStringAt(ILjava/lang/String;II)V @ 8 c2
Event: 16.193 Thread 0x0000026a6d07f5b0 DEOPT PACKING pc=0x0000026a5d427708 sp=0x0000007fef8fbde0
Event: 16.193 Thread 0x0000026a6d07f5b0 DEOPT UNPACKING pc=0x0000026a55965c23 sp=0x0000007fef8fbcd0 mode 2
Event: 16.193 Thread 0x0000026a6d07f5b0 Uncommon trap: trap_request=0xffffff45 fr.pc=0x0000026a5d48d3b8 relative=0x0000000000000418
Event: 16.193 Thread 0x0000026a6d07f5b0 Uncommon trap: reason=unstable_if action=reinterpret pc=0x0000026a5d48d3b8 method=java.lang.AbstractStringBuilder.isLatin1()Z @ 10 c2
Event: 16.193 Thread 0x0000026a6d07f5b0 DEOPT PACKING pc=0x0000026a5d48d3b8 sp=0x0000007fef8fc2a0
Event: 16.193 Thread 0x0000026a6d07f5b0 DEOPT UNPACKING pc=0x0000026a55965c23 sp=0x0000007fef8fc220 mode 2

Classes unloaded (0 events):
No events

Classes redefined (0 events):
No events

Internal exceptions (20 events):
Event: 0.878 Thread 0x0000026a6d6ac740 Exception <a 'java/lang/NoSuchMethodError'{0x000000008a4196b0}: 'int java.lang.invoke.DirectMethodHandle$Holder.invokeStaticInit(java.lang.Object, java.lang.Object)'> (0x000000008a4196b0) 
thrown [t:\workspace\open\src\hotspot\share\interpreter\linkResolver.cpp, line 766]
Event: 2.358 Thread 0x0000026a6d07f5b0 Exception <a 'java/lang/NoSuchMethodError'{0x000000008a035f08}: 'long java.lang.invoke.DirectMethodHandle$Holder.invokeStatic(java.lang.Object, java.lang.Object, java.lang.Object)'> (0x000000008a035f08) 
thrown [t:\workspace\open\src\hotspot\share\interpreter\linkResolver.cpp, line 766]
Event: 2.358 Thread 0x0000026a6d07f5b0 Exception <a 'java/lang/NoSuchMethodError'{0x000000008a0396b0}: 'long java.lang.invoke.DirectMethodHandle$Holder.invokeStaticInit(java.lang.Object, java.lang.Object, java.lang.Object)'> (0x000000008a0396b0) 
thrown [t:\workspace\open\src\hotspot\share\interpreter\linkResolver.cpp, line 766]
Event: 2.360 Thread 0x0000026a6d07f5b0 Exception <a 'java/lang/NoSuchMethodError'{0x000000008a0512b8}: 'java.lang.Object java.lang.invoke.DirectMethodHandle$Holder.newInvokeSpecial(java.lang.Object, java.lang.Object, long)'> (0x000000008a0512b8) 
thrown [t:\workspace\open\src\hotspot\share\interpreter\linkResolver.cpp, line 766]
Event: 2.360 Thread 0x0000026a6d07f5b0 Exception <a 'java/lang/NoSuchMethodError'{0x000000008a054e28}: 'java.lang.Object java.lang.invoke.Invokers$Holder.linkToTargetMethod(java.lang.Object, long, java.lang.Object)'> (0x000000008a054e28) 
thrown [t:\workspace\open\src\hotspot\share\interpreter\linkResolver.cpp, line 766]
Event: 2.569 Thread 0x0000026a6d07f5b0 Exception <a 'java/lang/NoSuchMethodError'{0x000000008bf30b28}: 'java.lang.Object java.lang.invoke.DirectMethodHandle$Holder.invokeInterface(java.lang.Object, java.lang.Object)'> (0x000000008bf30b28) 
thrown [t:\workspace\open\src\hotspot\share\interpreter\linkResolver.cpp, line 766]
Event: 2.721 Thread 0x0000026a6d07f5b0 Exception <a 'java/net/ConnectException'{0x000000008ba64ea8}: Connection refused: connect> (0x000000008ba64ea8) 
thrown [t:\workspace\open\src\hotspot\share\prims\jni.cpp, line 535]
Event: 2.721 Thread 0x0000026a6d07f5b0 Exception <a 'java/net/SocketException'{0x000000008ba65838}: Socket is not connected: shutdown> (0x000000008ba65838) 
thrown [t:\workspace\open\src\hotspot\share\prims\jni.cpp, line 535]
Event: 2.721 Thread 0x0000026a6d07f5b0 Exception <a 'java/net/ConnectException'{0x000000008ba66728}: Connection refused: connect> (0x000000008ba66728) 
thrown [t:\workspace\open\src\hotspot\share\prims\jni.cpp, line 535]
Event: 2.721 Thread 0x0000026a6d07f5b0 Exception <a 'java/net/SocketException'{0x000000008ba66fb0}: Socket is not connected: shutdown> (0x000000008ba66fb0) 
thrown [t:\workspace\open\src\hotspot\share\prims\jni.cpp, line 535]
Event: 2.731 Thread 0x0000026a6d07f5b0 Exception <a 'java/lang/reflect/InvocationTargetException'{0x000000008bab68e0}> (0x000000008bab68e0) 
thrown [t:\workspace\open\src\hotspot\share\runtime\reflection.cpp, line 1121]
Event: 2.813 Thread 0x0000026a6d07f5b0 Exception <a 'sun/nio/fs/WindowsException'{0x000000008b5af178}> (0x000000008b5af178) 
thrown [t:\workspace\open\src\hotspot\share\prims\jni.cpp, line 516]
Event: 2.821 Thread 0x0000026a6d07f5b0 Exception <a 'java/lang/NoSuchMethodError'{0x000000008b5d5de8}: 'int java.lang.invoke.DirectMethodHandle$Holder.invokeStaticInit(java.lang.Object, java.lang.Object, java.lang.Object, java.lang.Object)'> (0x000000008b5d5de8) 
thrown [t:\workspace\open\src\hotspot\share\interpreter\linkResolver.cpp, line 766]
Event: 2.822 Thread 0x0000026a6d07f5b0 Exception <a 'java/lang/IncompatibleClassChangeError'{0x000000008b5df4d8}: Found class java.lang.Object, but interface was expected> (0x000000008b5df4d8) 
thrown [t:\workspace\open\src\hotspot\share\interpreter\linkResolver.cpp, line 833]
Event: 2.848 Thread 0x0000026a6d07f5b0 Exception <a 'java/lang/NoSuchMethodError'{0x000000008b3bc9f0}: 'java.lang.Object java.lang.invoke.DirectMethodHandle$Holder.invokeStaticInit(java.lang.Object, int, int, int, int)'> (0x000000008b3bc9f0) 
thrown [t:\workspace\open\src\hotspot\share\interpreter\linkResolver.cpp, line 766]
Event: 2.894 Thread 0x0000026a6d07f5b0 Exception <a 'java/lang/NoSuchMethodError'{0x000000008b2299d8}: 'java.lang.Object java.lang.invoke.DirectMethodHandle$Holder.invokeStaticInit(java.lang.Object, java.lang.Object, int, int, int, int)'> (0x000000008b2299d8) 
thrown [t:\workspace\open\src\hotspot\share\interpreter\linkResolver.cpp, line 766]
Event: 5.883 Thread 0x0000026a6d07f5b0 Exception <a 'java/lang/ClassNotFoundException'{0x0000000089fc2d88}: com/sun/javafx/scene/control/skin/resources/controls> (0x0000000089fc2d88) 
thrown [t:\workspace\open\src\hotspot\share\prims\jni.cpp, line 535]
Event: 5.883 Thread 0x0000026a6d07f5b0 Exception <a 'java/lang/ClassNotFoundException'{0x0000000089fd0df8}: com/sun/javafx/scene/control/skin/resources/controls_en> (0x0000000089fd0df8) 
thrown [t:\workspace\open\src\hotspot\share\prims\jni.cpp, line 535]
Event: 5.883 Thread 0x0000026a6d07f5b0 Exception <a 'java/lang/ClassNotFoundException'{0x0000000089fd2d20}: com/sun/javafx/scene/control/skin/resources/controls_en_US> (0x0000000089fd2d20) 
thrown [t:\workspace\open\src\hotspot\share\prims\jni.cpp, line 535]
Event: 5.944 Thread 0x0000026a6d07f5b0 Exception <a 'java/lang/NoSuchMethodError'{0x0000000089d4cc30}: 'void java.lang.invoke.DirectMethodHandle$Holder.invokeSpecial(java.lang.Object, java.lang.Object, java.lang.Object, java.lang.Object, java.lang.Object, java.lang.Object)'> (0x0000000089d4cc30) 
thrown [t:\workspace\open\src\hotspot\share\interpreter\linkResolver.cpp, line 766]

VM Operations (20 events):
Event: 3.035 Executing VM operation: G1Concurrent
Event: 3.036 Executing VM operation: G1Concurrent done
Event: 5.036 Executing VM operation: Cleanup
Event: 5.036 Executing VM operation: Cleanup done
Event: 5.940 Executing VM operation: HandshakeAllThreads
Event: 5.940 Executing VM operation: HandshakeAllThreads done
Event: 5.941 Executing VM operation: HandshakeAllThreads
Event: 5.941 Executing VM operation: HandshakeAllThreads done
Event: 6.941 Executing VM operation: Cleanup
Event: 6.942 Executing VM operation: Cleanup done
Event: 7.942 Executing VM operation: Cleanup
Event: 7.942 Executing VM operation: Cleanup done
Event: 9.942 Executing VM operation: Cleanup
Event: 9.943 Executing VM operation: Cleanup done
Event: 11.943 Executing VM operation: Cleanup
Event: 11.944 Executing VM operation: Cleanup done
Event: 13.944 Executing VM operation: Cleanup
Event: 13.944 Executing VM operation: Cleanup done
Event: 15.945 Executing VM operation: Cleanup
Event: 15.945 Executing VM operation: Cleanup done

Events (20 events):
Event: 3.018 loading class java/util/Collections$UnmodifiableMap$UnmodifiableEntrySet$1
Event: 3.018 loading class java/util/Collections$UnmodifiableMap$UnmodifiableEntrySet$1 done
Event: 3.018 loading class java/util/Collections$UnmodifiableMap$UnmodifiableEntrySet$UnmodifiableEntry
Event: 3.019 loading class java/util/Collections$UnmodifiableMap$UnmodifiableEntrySet$UnmodifiableEntry done
Event: 3.300 Thread 0x0000026a6e6c9030 Thread exited: 0x0000026a6e6c9030
Event: 4.001 Thread 0x0000026a6e13d760 Thread exited: 0x0000026a6e13d760
Event: 5.822 Thread 0x0000026a6e13d760 Thread added: 0x0000026a6e13d760
Event: 5.970 loading class java/lang/FdLibm$Hypot
Event: 5.971 loading class java/lang/FdLibm$Hypot done
Event: 5.971 loading class java/lang/FdLibm
Event: 5.971 loading class java/lang/FdLibm done
Event: 6.207 Thread 0x0000026a6e13d760 Thread exited: 0x0000026a6e13d760
Event: 16.185 loading class java/util/BitSet
Event: 16.186 loading class java/util/BitSet done
Event: 16.187 loading class java/util/BitSet$1BitSetSpliterator
Event: 16.187 loading class java/util/BitSet$1BitSetSpliterator done
Event: 16.188 loading class java/util/stream/IntPipeline$1
Event: 16.189 loading class java/util/stream/IntPipeline$1 done
Event: 16.189 loading class java/util/stream/IntPipeline$1$1
Event: 16.189 loading class java/util/stream/IntPipeline$1$1 done


Dynamic libraries:
0x00007ff71fe00000 - 0x00007ff71fe10000 	C:\Program Files\Java\jdk-15.0.2\bin\javaw.exe
0x00007ffad3480000 - 0x00007ffad3689000 	C:\WINDOWS\SYSTEM32\ntdll.dll
0x00007ffad1db0000 - 0x00007ffad1e6e000 	C:\WINDOWS\System32\KERNEL32.DLL
0x00007ffad0e60000 - 0x00007ffad11db000 	C:\WINDOWS\System32\KERNELBASE.dll
0x00007ffad11e0000 - 0x00007ffad12f1000 	C:\WINDOWS\System32\ucrtbase.dll
0x00007ffaba850000 - 0x00007ffaba86a000 	C:\Program Files\Java\jdk-15.0.2\bin\VCRUNTIME140.dll
0x00007ffabaa00000 - 0x00007ffabaa18000 	C:\Program Files\Java\jdk-15.0.2\bin\jli.dll
0x00007ffad1300000 - 0x00007ffad13ae000 	C:\WINDOWS\System32\ADVAPI32.dll
0x00007ffad2be0000 - 0x00007ffad2c83000 	C:\WINDOWS\System32\msvcrt.dll
0x00007ffad19f0000 - 0x00007ffad1a8e000 	C:\WINDOWS\System32\sechost.dll
0x00007ffad1c80000 - 0x00007ffad1da0000 	C:\WINDOWS\System32\RPCRT4.dll
0x00007ffad1ad0000 - 0x00007ffad1c7d000 	C:\WINDOWS\System32\USER32.dll
0x00007ffad0e30000 - 0x00007ffad0e56000 	C:\WINDOWS\System32\win32u.dll
0x00007ffad1490000 - 0x00007ffad14b9000 	C:\WINDOWS\System32\GDI32.dll
0x00007ffad0d10000 - 0x00007ffad0e28000 	C:\WINDOWS\System32\gdi32full.dll
0x00007ffad0c70000 - 0x00007ffad0d0d000 	C:\WINDOWS\System32\msvcp_win.dll
0x00007ffaa4e40000 - 0x00007ffaa50e5000 	C:\WINDOWS\WinSxS\amd64_microsoft.windows.common-controls_6595b64144ccf1df_6.0.22000.120_none_9d947278b86cc467\COMCTL32.dll
0x00007ffac2810000 - 0x00007ffac281a000 	C:\WINDOWS\SYSTEM32\VERSION.dll
0x00007ffad1a90000 - 0x00007ffad1ac2000 	C:\WINDOWS\System32\IMM32.DLL
0x00007ffac6050000 - 0x00007ffac605c000 	C:\Program Files\Java\jdk-15.0.2\bin\vcruntime140_1.dll
0x00007ffab6640000 - 0x00007ffab66cd000 	C:\Program Files\Java\jdk-15.0.2\bin\msvcp140.dll
0x00007ffa84ae0000 - 0x00007ffa8569e000 	C:\Program Files\Java\jdk-15.0.2\bin\server\jvm.dll
0x00007ffad31a0000 - 0x00007ffad31a8000 	C:\WINDOWS\System32\PSAPI.DLL
0x00007ffac8800000 - 0x00007ffac8809000 	C:\WINDOWS\SYSTEM32\WSOCK32.dll
0x00007ffac5e70000 - 0x00007ffac5ea3000 	C:\WINDOWS\SYSTEM32\WINMM.dll
0x00007ffad3130000 - 0x00007ffad319f000 	C:\WINDOWS\System32\ws2_32.DLL
0x00007ffacfa90000 - 0x00007ffacfaa8000 	C:\WINDOWS\SYSTEM32\kernel.appcore.dll
0x00007ffac6680000 - 0x00007ffac668a000 	C:\Program Files\Java\jdk-15.0.2\bin\jimage.dll
0x00007fface300000 - 0x00007fface521000 	C:\WINDOWS\SYSTEM32\DBGHELP.DLL
0x00007ffa9e860000 - 0x00007ffa9e891000 	C:\WINDOWS\SYSTEM32\dbgcore.DLL
0x00007ffad0a80000 - 0x00007ffad0aff000 	C:\WINDOWS\System32\bcryptPrimitives.dll
0x00007ffabf330000 - 0x00007ffabf355000 	C:\Program Files\Java\jdk-15.0.2\bin\java.dll
0x00007ffabaa20000 - 0x00007ffabaaf6000 	C:\Program Files\Java\jdk-15.0.2\bin\svml.dll
0x00007ffad22b0000 - 0x00007ffad2a67000 	C:\WINDOWS\System32\SHELL32.dll
0x00007ffacea00000 - 0x00007ffacf265000 	C:\WINDOWS\SYSTEM32\windows.storage.dll
0x00007ffad2c90000 - 0x00007ffad3008000 	C:\WINDOWS\System32\combase.dll
0x00007fface890000 - 0x00007fface9f6000 	C:\WINDOWS\SYSTEM32\wintypes.dll
0x00007ffad3350000 - 0x00007ffad343a000 	C:\WINDOWS\System32\SHCORE.dll
0x00007ffad20e0000 - 0x00007ffad213d000 	C:\WINDOWS\System32\shlwapi.dll
0x00007ffad0880000 - 0x00007ffad08a1000 	C:\WINDOWS\SYSTEM32\profapi.dll
0x00007ffac5ee0000 - 0x00007ffac5ef9000 	C:\Program Files\Java\jdk-15.0.2\bin\net.dll
0x00007ffac6d10000 - 0x00007ffac6e24000 	C:\WINDOWS\SYSTEM32\WINHTTP.dll
0x00007ffacff60000 - 0x00007ffacffc7000 	C:\WINDOWS\system32\mswsock.dll
0x00007ffabae60000 - 0x00007ffabae75000 	C:\Program Files\Java\jdk-15.0.2\bin\nio.dll
0x00007ffabae40000 - 0x00007ffabae58000 	C:\Program Files\Java\jdk-15.0.2\bin\zip.dll
0x0000026a4e0d0000 - 0x0000026a4e0d3000 	C:\Users\ADMIN\OneDrive\Desktop\TKXDPM_gr\Capstone_TKXDPM.20221_Group9\source\EcoBike\lib\javafx-sdk-11.0.2\bin\api-ms-win-core-console-l1-1-0.dll
0x0000026a6c150000 - 0x0000026a6c153000 	C:\Users\ADMIN\OneDrive\Desktop\TKXDPM_gr\Capstone_TKXDPM.20221_Group9\source\EcoBike\lib\javafx-sdk-11.0.2\bin\api-ms-win-core-datetime-l1-1-0.dll
0x0000026a6c160000 - 0x0000026a6c163000 	C:\Users\ADMIN\OneDrive\Desktop\TKXDPM_gr\Capstone_TKXDPM.20221_Group9\source\EcoBike\lib\javafx-sdk-11.0.2\bin\api-ms-win-core-debug-l1-1-0.dll
0x0000026a6c170000 - 0x0000026a6c173000 	C:\Users\ADMIN\OneDrive\Desktop\TKXDPM_gr\Capstone_TKXDPM.20221_Group9\source\EcoBike\lib\javafx-sdk-11.0.2\bin\api-ms-win-core-errorhandling-l1-1-0.dll
0x0000026a6c180000 - 0x0000026a6c184000 	C:\Users\ADMIN\OneDrive\Desktop\TKXDPM_gr\Capstone_TKXDPM.20221_Group9\source\EcoBike\lib\javafx-sdk-11.0.2\bin\api-ms-win-core-file-l1-1-0.dll
0x0000026a6c190000 - 0x0000026a6c193000 	C:\Users\ADMIN\OneDrive\Desktop\TKXDPM_gr\Capstone_TKXDPM.20221_Group9\source\EcoBike\lib\javafx-sdk-11.0.2\bin\api-ms-win-core-file-l1-2-0.dll
0x0000026a6c1a0000 - 0x0000026a6c1a3000 	C:\Users\ADMIN\OneDrive\Desktop\TKXDPM_gr\Capstone_TKXDPM.20221_Group9\source\EcoBike\lib\javafx-sdk-11.0.2\bin\api-ms-win-core-file-l2-1-0.dll
0x0000026a6c1b0000 - 0x0000026a6c1b3000 	C:\Users\ADMIN\OneDrive\Desktop\TKXDPM_gr\Capstone_TKXDPM.20221_Group9\source\EcoBike\lib\javafx-sdk-11.0.2\bin\api-ms-win-core-handle-l1-1-0.dll
0x0000026a6c1c0000 - 0x0000026a6c1c3000 	C:\Users\ADMIN\OneDrive\Desktop\TKXDPM_gr\Capstone_TKXDPM.20221_Group9\source\EcoBike\lib\javafx-sdk-11.0.2\bin\api-ms-win-core-heap-l1-1-0.dll
0x0000026a6c1d0000 - 0x0000026a6c1d3000 	C:\Users\ADMIN\OneDrive\Desktop\TKXDPM_gr\Capstone_TKXDPM.20221_Group9\source\EcoBike\lib\javafx-sdk-11.0.2\bin\api-ms-win-core-interlocked-l1-1-0.dll
0x0000026a6c300000 - 0x0000026a6c303000 	C:\Users\ADMIN\OneDrive\Desktop\TKXDPM_gr\Capstone_TKXDPM.20221_Group9\source\EcoBike\lib\javafx-sdk-11.0.2\bin\api-ms-win-core-libraryloader-l1-1-0.dll
0x0000026a6c1e0000 - 0x0000026a6c1e3000 	C:\Users\ADMIN\OneDrive\Desktop\TKXDPM_gr\Capstone_TKXDPM.20221_Group9\source\EcoBike\lib\javafx-sdk-11.0.2\bin\api-ms-win-core-localization-l1-2-0.dll
0x0000026a6c1f0000 - 0x0000026a6c1f3000 	C:\Users\ADMIN\OneDrive\Desktop\TKXDPM_gr\Capstone_TKXDPM.20221_Group9\source\EcoBike\lib\javafx-sdk-11.0.2\bin\api-ms-win-core-memory-l1-1-0.dll
0x0000026a6c200000 - 0x0000026a6c203000 	C:\Users\ADMIN\OneDrive\Desktop\TKXDPM_gr\Capstone_TKXDPM.20221_Group9\source\EcoBike\lib\javafx-sdk-11.0.2\bin\api-ms-win-core-namedpipe-l1-1-0.dll
0x0000026a6c210000 - 0x0000026a6c213000 	C:\Users\ADMIN\OneDrive\Desktop\TKXDPM_gr\Capstone_TKXDPM.20221_Group9\source\EcoBike\lib\javafx-sdk-11.0.2\bin\api-ms-win-core-processenvironment-l1-1-0.dll
0x0000026a6c220000 - 0x0000026a6c223000 	C:\Users\ADMIN\OneDrive\Desktop\TKXDPM_gr\Capstone_TKXDPM.20221_Group9\source\EcoBike\lib\javafx-sdk-11.0.2\bin\api-ms-win-core-processthreads-l1-1-0.dll
0x0000026a6c230000 - 0x0000026a6c233000 	C:\Users\ADMIN\OneDrive\Desktop\TKXDPM_gr\Capstone_TKXDPM.20221_Group9\source\EcoBike\lib\javafx-sdk-11.0.2\bin\api-ms-win-core-processthreads-l1-1-1.dll
0x0000026a6c240000 - 0x0000026a6c243000 	C:\Users\ADMIN\OneDrive\Desktop\TKXDPM_gr\Capstone_TKXDPM.20221_Group9\source\EcoBike\lib\javafx-sdk-11.0.2\bin\api-ms-win-core-profile-l1-1-0.dll
0x0000026a6c250000 - 0x0000026a6c253000 	C:\Users\ADMIN\OneDrive\Desktop\TKXDPM_gr\Capstone_TKXDPM.20221_Group9\source\EcoBike\lib\javafx-sdk-11.0.2\bin\api-ms-win-core-rtlsupport-l1-1-0.dll
0x0000026a6c260000 - 0x0000026a6c263000 	C:\Users\ADMIN\OneDrive\Desktop\TKXDPM_gr\Capstone_TKXDPM.20221_Group9\source\EcoBike\lib\javafx-sdk-11.0.2\bin\api-ms-win-core-string-l1-1-0.dll
0x0000026a6c270000 - 0x0000026a6c273000 	C:\Users\ADMIN\OneDrive\Desktop\TKXDPM_gr\Capstone_TKXDPM.20221_Group9\source\EcoBike\lib\javafx-sdk-11.0.2\bin\api-ms-win-core-synch-l1-1-0.dll
0x0000026a6c280000 - 0x0000026a6c283000 	C:\Users\ADMIN\OneDrive\Desktop\TKXDPM_gr\Capstone_TKXDPM.20221_Group9\source\EcoBike\lib\javafx-sdk-11.0.2\bin\api-ms-win-core-synch-l1-2-0.dll
0x0000026a6c290000 - 0x0000026a6c293000 	C:\Users\ADMIN\OneDrive\Desktop\TKXDPM_gr\Capstone_TKXDPM.20221_Group9\source\EcoBike\lib\javafx-sdk-11.0.2\bin\api-ms-win-core-sysinfo-l1-1-0.dll
0x0000026a6c2a0000 - 0x0000026a6c2a3000 	C:\Users\ADMIN\OneDrive\Desktop\TKXDPM_gr\Capstone_TKXDPM.20221_Group9\source\EcoBike\lib\javafx-sdk-11.0.2\bin\api-ms-win-core-timezone-l1-1-0.dll
0x0000026a6c2b0000 - 0x0000026a6c2b3000 	C:\Users\ADMIN\OneDrive\Desktop\TKXDPM_gr\Capstone_TKXDPM.20221_Group9\source\EcoBike\lib\javafx-sdk-11.0.2\bin\api-ms-win-core-util-l1-1-0.dll
0x0000026a6c2c0000 - 0x0000026a6c2c3000 	C:\Users\ADMIN\OneDrive\Desktop\TKXDPM_gr\Capstone_TKXDPM.20221_Group9\source\EcoBike\lib\javafx-sdk-11.0.2\bin\api-ms-win-crt-conio-l1-1-0.dll
0x0000026a6c2d0000 - 0x0000026a6c2d4000 	C:\Users\ADMIN\OneDrive\Desktop\TKXDPM_gr\Capstone_TKXDPM.20221_Group9\source\EcoBike\lib\javafx-sdk-11.0.2\bin\api-ms-win-crt-convert-l1-1-0.dll
0x0000026a6c2e0000 - 0x0000026a6c2e3000 	C:\Users\ADMIN\OneDrive\Desktop\TKXDPM_gr\Capstone_TKXDPM.20221_Group9\source\EcoBike\lib\javafx-sdk-11.0.2\bin\api-ms-win-crt-environment-l1-1-0.dll
0x0000026a6c2f0000 - 0x0000026a6c2f3000 	C:\Users\ADMIN\OneDrive\Desktop\TKXDPM_gr\Capstone_TKXDPM.20221_Group9\source\EcoBike\lib\javafx-sdk-11.0.2\bin\api-ms-win-crt-filesystem-l1-1-0.dll
0x0000026a6c310000 - 0x0000026a6c313000 	C:\Users\ADMIN\OneDrive\Desktop\TKXDPM_gr\Capstone_TKXDPM.20221_Group9\source\EcoBike\lib\javafx-sdk-11.0.2\bin\api-ms-win-crt-heap-l1-1-0.dll
0x0000026a6c320000 - 0x0000026a6c323000 	C:\Users\ADMIN\OneDrive\Desktop\TKXDPM_gr\Capstone_TKXDPM.20221_Group9\source\EcoBike\lib\javafx-sdk-11.0.2\bin\api-ms-win-crt-locale-l1-1-0.dll
0x0000026a6c330000 - 0x0000026a6c335000 	C:\Users\ADMIN\OneDrive\Desktop\TKXDPM_gr\Capstone_TKXDPM.20221_Group9\source\EcoBike\lib\javafx-sdk-11.0.2\bin\api-ms-win-crt-math-l1-1-0.dll
0x0000026a6c340000 - 0x0000026a6c345000 	C:\Users\ADMIN\OneDrive\Desktop\TKXDPM_gr\Capstone_TKXDPM.20221_Group9\source\EcoBike\lib\javafx-sdk-11.0.2\bin\api-ms-win-crt-multibyte-l1-1-0.dll
0x0000026a6c350000 - 0x0000026a6c360000 	C:\Users\ADMIN\OneDrive\Desktop\TKXDPM_gr\Capstone_TKXDPM.20221_Group9\source\EcoBike\lib\javafx-sdk-11.0.2\bin\api-ms-win-crt-private-l1-1-0.dll
0x0000026a6c360000 - 0x0000026a6c363000 	C:\Users\ADMIN\OneDrive\Desktop\TKXDPM_gr\Capstone_TKXDPM.20221_Group9\source\EcoBike\lib\javafx-sdk-11.0.2\bin\api-ms-win-crt-process-l1-1-0.dll
0x0000026a6c370000 - 0x0000026a6c374000 	C:\Users\ADMIN\OneDrive\Desktop\TKXDPM_gr\Capstone_TKXDPM.20221_Group9\source\EcoBike\lib\javafx-sdk-11.0.2\bin\api-ms-win-crt-runtime-l1-1-0.dll
0x0000026a6c380000 - 0x0000026a6c384000 	C:\Users\ADMIN\OneDrive\Desktop\TKXDPM_gr\Capstone_TKXDPM.20221_Group9\source\EcoBike\lib\javafx-sdk-11.0.2\bin\api-ms-win-crt-stdio-l1-1-0.dll
0x0000026a6c390000 - 0x0000026a6c394000 	C:\Users\ADMIN\OneDrive\Desktop\TKXDPM_gr\Capstone_TKXDPM.20221_Group9\source\EcoBike\lib\javafx-sdk-11.0.2\bin\api-ms-win-crt-string-l1-1-0.dll
0x0000026a6c3a0000 - 0x0000026a6c3a3000 	C:\Users\ADMIN\OneDrive\Desktop\TKXDPM_gr\Capstone_TKXDPM.20221_Group9\source\EcoBike\lib\javafx-sdk-11.0.2\bin\api-ms-win-crt-time-l1-1-0.dll
0x0000026a6c3b0000 - 0x0000026a6c3b3000 	C:\Users\ADMIN\OneDrive\Desktop\TKXDPM_gr\Capstone_TKXDPM.20221_Group9\source\EcoBike\lib\javafx-sdk-11.0.2\bin\api-ms-win-crt-utility-l1-1-0.dll
0x00007ffabfd70000 - 0x00007ffabfe6a000 	C:\Users\ADMIN\OneDrive\Desktop\TKXDPM_gr\Capstone_TKXDPM.20221_Group9\source\EcoBike\lib\javafx-sdk-11.0.2\bin\ucrtbase.dll
0x00007ffac9850000 - 0x00007ffac9866000 	C:\Users\ADMIN\OneDrive\Desktop\TKXDPM_gr\Capstone_TKXDPM.20221_Group9\source\EcoBike\lib\javafx-sdk-11.0.2\bin\vcruntime140.dll
0x00007ffabf420000 - 0x00007ffabf4c6000 	C:\Users\ADMIN\OneDrive\Desktop\TKXDPM_gr\Capstone_TKXDPM.20221_Group9\source\EcoBike\lib\javafx-sdk-11.0.2\bin\msvcp140.dll
0x00007ffac4390000 - 0x00007ffac43e1000 	C:\Users\ADMIN\OneDrive\Desktop\TKXDPM_gr\Capstone_TKXDPM.20221_Group9\source\EcoBike\lib\javafx-sdk-11.0.2\bin\concrt140.dll
0x00007ffac97a0000 - 0x00007ffac97c3000 	C:\Users\ADMIN\OneDrive\Desktop\TKXDPM_gr\Capstone_TKXDPM.20221_Group9\source\EcoBike\lib\javafx-sdk-11.0.2\bin\prism_d3d.dll
0x00007ffa4d270000 - 0x00007ffa4d416000 	C:\WINDOWS\system32\d3d9.dll
0x00007ffaca2b0000 - 0x00007ffaca2df000 	C:\WINDOWS\SYSTEM32\dwmapi.dll
0x00007ffaca130000 - 0x00007ffaca168000 	C:\WINDOWS\SYSTEM32\dxcore.dll
0x00007ffaca050000 - 0x00007ffaca0fc000 	C:\WINDOWS\system32\uxtheme.dll
0x00007ffab5340000 - 0x00007ffab54e2000 	C:\WINDOWS\System32\DriverStore\FileRepository\iigd_dch.inf_amd64_ebf638e0a8a70542\igdumdim64.dll
0x00007ffad31b0000 - 0x00007ffad334a000 	C:\WINDOWS\System32\ole32.dll
0x00007ffa68120000 - 0x00007ffa6bd30000 	C:\WINDOWS\System32\DriverStore\FileRepository\iigd_dch.inf_amd64_ebf638e0a8a70542\igd9dxva64.dll
0x00007ffad13b0000 - 0x00007ffad1486000 	C:\WINDOWS\System32\OLEAUT32.dll
0x00007ffad1580000 - 0x00007ffad19ec000 	C:\WINDOWS\System32\SETUPAPI.dll
0x00007ffad0650000 - 0x00007ffad069c000 	C:\WINDOWS\SYSTEM32\cfgmgr32.dll
0x00007ffac1f70000 - 0x00007ffac2337000 	C:\WINDOWS\System32\DriverStore\FileRepository\iigd_dch.inf_amd64_ebf638e0a8a70542\igdgmm64.dll
0x00007ffac86c0000 - 0x00007ffac8704000 	C:\WINDOWS\SYSTEM32\directxdatabasehelper.dll
0x00007ffacfab0000 - 0x00007ffacfae4000 	C:\WINDOWS\SYSTEM32\ntmarta.dll
0x00007ffabff40000 - 0x00007ffabff85000 	C:\Users\ADMIN\OneDrive\Desktop\TKXDPM_gr\Capstone_TKXDPM.20221_Group9\source\EcoBike\lib\javafx-sdk-11.0.2\bin\glass.dll
0x00007ffad2140000 - 0x00007ffad222c000 	C:\WINDOWS\System32\COMDLG32.dll
0x00007ffad3010000 - 0x00007ffad312d000 	C:\WINDOWS\System32\MSCTF.dll
0x00007ffac6070000 - 0x00007ffac6097000 	C:\WINDOWS\System32\DriverStore\FileRepository\iigd_dch.inf_amd64_ebf638e0a8a70542\igdinfo64.dll
0x00007ffabb4a0000 - 0x00007ffabea52000 	C:\WINDOWS\System32\DriverStore\FileRepository\iigd_dch.inf_amd64_ebf638e0a8a70542\igc64.dll
0x00007ffac97e0000 - 0x00007ffac97f4000 	C:\Users\ADMIN\OneDrive\Desktop\TKXDPM_gr\Capstone_TKXDPM.20221_Group9\source\EcoBike\lib\javafx-sdk-11.0.2\bin\javafx_font.dll
0x00007ffaa6260000 - 0x00007ffaa64bf000 	C:\WINDOWS\SYSTEM32\dwrite.dll
0x00007ffad14c0000 - 0x00007ffad1575000 	C:\WINDOWS\System32\clbcatq.dll
0x00007ffac6b50000 - 0x00007ffac6cfe000 	C:\WINDOWS\SYSTEM32\WindowsCodecs.dll
0x00007ffab3f90000 - 0x00007ffab3fed000 	C:\WINDOWS\system32\dataexchange.dll
0x00007ffac5ae0000 - 0x00007ffac5d46000 	C:\WINDOWS\system32\twinapi.appcore.dll
0x00007ffabff00000 - 0x00007ffabff32000 	C:\Program Files\Common Files\Microsoft Shared\Ink\rtscom.dll
0x00007ffaa68c0000 - 0x00007ffaa69ed000 	C:\WINDOWS\SYSTEM32\textinputframework.dll
0x00007ffac9ca0000 - 0x00007ffac9dd1000 	C:\WINDOWS\SYSTEM32\CoreMessaging.dll
0x00007ffac7de0000 - 0x00007ffac814d000 	C:\WINDOWS\SYSTEM32\CoreUIComponents.dll
0x00007ffad01c0000 - 0x00007ffad01cc000 	C:\WINDOWS\SYSTEM32\CRYPTBASE.DLL
0x00007ffac8a40000 - 0x00007ffac8ff8000 	C:\WINDOWS\SYSTEM32\d2d1.dll
0x00007ffac75b0000 - 0x00007ffac7830000 	C:\WINDOWS\SYSTEM32\d3d11.dll
0x00007ffaca170000 - 0x00007ffaca263000 	C:\WINDOWS\SYSTEM32\dxgi.dll
0x00007ffac6e60000 - 0x00007ffac7562000 	C:\WINDOWS\SYSTEM32\D3D10Warp.dll
0x00007ffabfd40000 - 0x00007ffabfd6c000 	C:\Users\ADMIN\OneDrive\Desktop\TKXDPM_gr\Capstone_TKXDPM.20221_Group9\source\EcoBike\lib\javafx-sdk-11.0.2\bin\javafx_iio.dll
0x00007ffac6670000 - 0x00007ffac6680000 	C:\Program Files\Java\jdk-15.0.2\bin\verify.dll
0x00007ffacf560000 - 0x00007ffacf648000 	C:\WINDOWS\SYSTEM32\DNSAPI.dll
0x00007ffacf530000 - 0x00007ffacf55d000 	C:\WINDOWS\SYSTEM32\IPHLPAPI.DLL
0x00007ffad20d0000 - 0x00007ffad20d9000 	C:\WINDOWS\System32\NSI.dll

dbghelp: loaded successfully - version: 4.0.5 - missing functions: none
symbol engine: initialized successfully - sym options: 0x614 - pdb path: .;C:\Program Files\Java\jdk-15.0.2\bin;C:\WINDOWS\SYSTEM32;C:\WINDOWS\WinSxS\amd64_microsoft.windows.common-controls_6595b64144ccf1df_6.0.22000.120_none_9d947278b86cc467;C:\Program Files\Java\jdk-15.0.2\bin\server;C:\Users\ADMIN\OneDrive\Desktop\TKXDPM_gr\Capstone_TKXDPM.20221_Group9\source\EcoBike\lib\javafx-sdk-11.0.2\bin;C:\WINDOWS\System32\DriverStore\FileRepository\iigd_dch.inf_amd64_ebf638e0a8a70542;C:\Program Files\Common Files\Microsoft Shared\Ink

VM Arguments:
jvm_args: --module-path=.\lib\javafx-sdk-11.0.2\lib --add-modules=javafx.controls,javafx.fxml -Dfile.encoding=UTF-8 -XX:+ShowCodeDetailsInExceptionMessages 
java_command: App
java_class_path (initial): C:\Users\ADMIN\OneDrive\Desktop\TKXDPM_gr\Capstone_TKXDPM.20221_Group9\source\EcoBike\bin;C:\Users\ADMIN\.p2\pool\plugins\org.junit.jupiter.api_5.7.1.v20210222-1948.jar;C:\Users\ADMIN\.p2\pool\plugins\org.junit.jupiter.engine_5.7.1.v20210222-1948.jar;C:\Users\ADMIN\.p2\pool\plugins\org.junit.jupiter.migrationsupport_5.7.1.v20210222-1948.jar;C:\Users\ADMIN\.p2\pool\plugins\org.junit.jupiter.params_5.7.1.v20210222-1948.jar;C:\Users\ADMIN\.p2\pool\plugins\org.junit.platform.commons_1.7.1.v20210222-1948.jar;C:\Users\ADMIN\.p2\pool\plugins\org.junit.platform.engine_1.7.1.v20210222-1948.jar;C:\Users\ADMIN\.p2\pool\plugins\org.junit.platform.launcher_1.7.1.v20210222-1948.jar;C:\Users\ADMIN\.p2\pool\plugins\org.junit.platform.runner_1.7.1.v20210222-1948.jar;C:\Users\ADMIN\.p2\pool\plugins\org.junit.platform.suite.api_1.7.1.v20210222-1948.jar;C:\Users\ADMIN\.p2\pool\plugins\org.junit.vintage.engine_5.7.1.v20210222-1948.jar;C:\Users\ADMIN\.p2\pool\plugins\org.opentest4j_1.2.0.v20190826-0900.jar;C:\Users\ADMIN\.p2\pool\plugins\org.apiguardian_1.1.0.v20190826-0900.jar;C:\Users\ADMIN\.p2\pool\plugins\org.junit_4.13.0.v20200204-1500.jar;C:\Users\ADMIN\.p2\pool\plugins\org.hamcrest.core_1.3.0.v20180420-1519.jar;C:\Users\ADMIN\OneDrive\Desktop\TKXDPM_gr\Capstone_TKXDPM.20221_Group9\source\EcoBike\lib\java_lib\gson-2.8.6.jar;C:\Users\ADMIN\OneDrive\Desktop\TKXDPM_gr\Capstone_TKXDPM.20221_Group9\source\EcoBike\lib\java_lib\hamcrest-core-1.3.jar;C:\Users\ADMIN\OneDrive\Desktop\TKXDPM_gr\Capstone_TKXDPM.20221_Group9\source\EcoBike\lib\java_lib\httpclient-4.5.13.jar;C:\Users\ADMIN\OneDrive\Desktop\TKXDPM_gr\Capstone_TKXDPM.20221_Group9\source\EcoBike\lib\java_lib\httpcore-4.4.14.jar;C:\Users\ADMIN\OneDrive\Desktop\TKXDPM_gr\Capstone_TKXDPM.20221_Group9\source\EcoBike\lib\java_lib\jackson-annotations-2.10.5.jar;C:\Users\ADMIN\OneDrive\Desktop\TKXDPM_gr\Capstone_TKXDPM.20221_Group9\source\EcoBike\lib\java_lib\jackson-core-2.10.5.jar;C:\Users\ADMIN\OneDrive\Des
Launcher Type: SUN_STANDARD

[Global flags]
     intx CICompilerCount                          = 4                                         {product} {ergonomic}
     uint ConcGCThreads                            = 2                                         {product} {ergonomic}
     uint G1ConcRefinementThreads                  = 8                                         {product} {ergonomic}
   size_t G1HeapRegionSize                         = 1048576                                   {product} {ergonomic}
    uintx GCDrainStackTargetSize                   = 64                                        {product} {ergonomic}
   size_t InitialHeapSize                          = 130023424                                 {product} {ergonomic}
   size_t MarkStackSize                            = 4194304                                   {product} {ergonomic}
   size_t MaxHeapSize                              = 2076180480                                {product} {ergonomic}
   size_t MaxNewSize                               = 1245708288                                {product} {ergonomic}
   size_t MinHeapDeltaBytes                        = 1048576                                   {product} {ergonomic}
   size_t MinHeapSize                              = 8388608                                   {product} {ergonomic}
    uintx NonNMethodCodeHeapSize                   = 5839372                                {pd product} {ergonomic}
    uintx NonProfiledCodeHeapSize                  = 122909434                              {pd product} {ergonomic}
    uintx ProfiledCodeHeapSize                     = 122909434                              {pd product} {ergonomic}
    uintx ReservedCodeCacheSize                    = 251658240                              {pd product} {ergonomic}
     bool SegmentedCodeCache                       = true                                      {product} {ergonomic}
     bool ShowCodeDetailsInExceptionMessages       = true                                   {manageable} {command line}
   size_t SoftMaxHeapSize                          = 2076180480                             {manageable} {ergonomic}
     bool UseCompressedClassPointers               = true                           {product lp64_product} {ergonomic}
     bool UseCompressedOops                        = true                           {product lp64_product} {ergonomic}
     bool UseG1GC                                  = true                                      {product} {ergonomic}
     bool UseLargePagesIndividualAllocation        = false                                  {pd product} {ergonomic}

Logging:
Log output configuration:
 #0: stdout all=warning uptime,level,tags
 #1: stderr all=off uptime,level,tags

Environment Variables:
JAVA_HOME=D:\Java1
PATH=C:/Program Files/Java/jdk-15.0.2/bin/server;C:/Program Files/Java/jdk-15.0.2/bin;D:\DownloadDirectory\opl\bin\x64_win64;D:\DownloadDirectory\opl\oplide\;D:\DownloadDirectory\cplex\bin\x64_win64;D:\DownloadDirectory\cpoptimizer\bin\x64_win64;C:\Program Files\Common Files\Oracle\Java\javapath;C:\Program Files (x86)\Common Files\Oracle\Java\javapath;C:\WINDOWS\system32;C:\WINDOWS;C:\WINDOWS\System32\Wbem;C:\WINDOWS\System32\WindowsPowerShell\v1.0\;C:\WINDOWS\System32\OpenSSH\;C:\Users\ADMIN\Desktop\Shell\Shell;C:\Users\ADMIN\Desktop\Shell\Shell\clock.exe;C:\Program Files\Git\cmd;C:\Program Files\dotnet\;D:\bigdata\hadoop-3.3.0\bin;C:\Program Files\Java\jdk-17.0.1\bin;C:\Program Files\Common Files\Oracle\Java\javapath;C:\Program Files (x86)\Common Files\Oracle\Java\javapath;C:\WINDOWS\system32;C:\WINDOWS;C:\WINDOWS\System32\Wbem;C:\WINDOWS\System32\WindowsPowerShell\v1.0\;C:\WINDOWS\System32\OpenSSH\;C:\Users\ADMIN\Desktop\Shell\Shell;C:\Users\ADMIN\Desktop\Shell\Shell\clock.exe;C:\Program Files\Git\cmd;C:\Program Files\dotnet\;C:\Users\ADMIN\AppData\Local\Programs\Python\Python39\Scripts\;C:\Users\ADMIN\AppData\Local\Programs\Python\Python39\;C:\Users\ADMIN\AppData\Local\Microsoft\WindowsApps;D:\Dev-Cpp\MinGW64\bin;C:\Program Files\JetBrains\PyCharm Community Edition 2021.1.2\bin;D:\bigdata\hadoop-3.3.0\bin;D:\Java\bin;D:\Java1\bin;D:\big-data\hadoop-3.2.1\bin;D:\Microsoft VS Code\bin;E:\tmp\google-cloud-sdk\bin;C:\Users\ADMIN\OneDrive\Desktop;
USERNAME=ADMIN
OS=Windows_NT
PROCESSOR_IDENTIFIER=Intel64 Family 6 Model 140 Stepping 1, GenuineIntel



---------------  S Y S T E M  ---------------

OS:
 Windows 10 , 64 bit Build 22000 (10.0.22000.1335)
OS uptime: 0 days 19:33 hours
Hyper-V role detected

CPU: total 8 (initial active 8) (4 cores per cpu, 2 threads per core) family 6 model 140 stepping 1 microcode 0xa4, cx8, cmov, fxsr, ht, mmx, 3dnowpref, sse, sse2, sse3, ssse3, sse4.1, sse4.2, popcnt, lzcnt, tsc, tscinvbit, avx, avx2, aes, erms, clmul, bmi1, bmi2, adx, avx512f, avx512dq, avx512cd, avx512bw, avx512vl, sha, fma, vzeroupper, avx512_vpopcntdq, avx512_vpclmulqdq, avx512_vaes, avx512_vnni, clflush, clflushopt, clwb, avx512_vbmi2, avx512_vbmi, hv

Memory: 4k page, system-wide physical 7918M (1078M free)
TotalPageFile size 7918M (AvailPageFile size 4M)
current process WorkingSet (physical memory assigned to process): 250M, peak: 250M
current process commit charge ("private bytes"): 330M, peak: 335M

vm_info: Java HotSpot(TM) 64-Bit Server VM (17.0.1+12-LTS-39) for windows-amd64 JRE (17.0.1+12-LTS-39), built on Sep 27 2021 18:41:35 by "mach5one" with MS VC++ 16.8 (VS2019)

END.
