#
# There is insufficient memory for the Java Runtime Environment to continue.
# Native memory allocation (malloc) failed to allocate 134016 bytes for Chunk::new
# Possible reasons:
#   The system is out of physical RAM or swap space
#   The process is running with CompressedOops enabled, and the Java Heap may be blocking the growth of the native heap
# Possible solutions:
#   Reduce memory load on the system
#   Increase physical memory or swap space
#   Check if swap backing store is full
#   Decrease Java heap size (-Xmx/-Xms)
#   Decrease number of Java threads
#   Decrease Java thread stack sizes (-Xss)
#   Set larger code cache with -XX:ReservedCodeCacheSize=
#   JVM is running with Unscaled Compressed Oops mode in which the Java heap is
#     placed in the first 4GB address space. The Java Heap base address is the
#     maximum limit for the native heap growth. Please use -XX:HeapBaseMinAddress
#     to set the Java Heap base and to place the Java Heap above 4GB virtual address.
# This output file may be truncated or incomplete.
#
#  Out of Memory Error (arena.cpp:189), pid=4668, tid=5236
#
# JRE version: Java(TM) SE Runtime Environment (17.0.1+12) (build 17.0.1+12-LTS-39)
# Java VM: Java HotSpot(TM) 64-Bit Server VM (17.0.1+12-LTS-39, mixed mode, sharing, tiered, compressed oops, compressed class ptrs, g1 gc, windows-amd64)
# No core dump will be written. Minidumps are not enabled by default on client versions of Windows
#

---------------  S U M M A R Y ------------

Command Line: --module-path=.\lib\javafx-sdk-11.0.2\lib --add-modules=javafx.controls,javafx.fxml -Dfile.encoding=UTF-8 -XX:+ShowCodeDetailsInExceptionMessages App

Host: 11th Gen Intel(R) Core(TM) i5-1135G7 @ 2.40GHz, 8 cores, 7G,  Windows 10 , 64 bit Build 22000 (10.0.22000.1335)
Time: Sun Feb  5 00:30:16 2023 SE Asia Standard Time elapsed time: 30.497458 seconds (0d 0h 0m 30s)

---------------  T H R E A D  ---------------

Current thread (0x0000020b15d07a40):  JavaThread "C2 CompilerThread2" daemon [_thread_in_native, id=5236, stack(0x000000469cd00000,0x000000469ce00000)]


Current CompileTask:
C2:  30497 4574       4       javafx.scene.Parent::markDirtyLayout (62 bytes)

Stack: [0x000000469cd00000,0x000000469ce00000]
Native frames: (J=compiled Java code, j=interpreted, Vv=VM code, C=native code)
V  [jvm.dll+0x66fa1a]
V  [jvm.dll+0x7ce5a4]
V  [jvm.dll+0x7cfd4e]
V  [jvm.dll+0x7d03b3]
V  [jvm.dll+0x242b05]
V  [jvm.dll+0xaa05b]
V  [jvm.dll+0xaa5ec]
V  [jvm.dll+0x2a953f]
V  [jvm.dll+0x5785a9]
V  [jvm.dll+0x21dd7d]
V  [jvm.dll+0x2176d9]
V  [jvm.dll+0x214f05]
V  [jvm.dll+0x1a168d]
V  [jvm.dll+0x224848]
V  [jvm.dll+0x2229ac]
V  [jvm.dll+0x78435b]
V  [jvm.dll+0x77e91a]
V  [jvm.dll+0x66e845]
C  [ucrtbase.dll+0x26c0c]
C  [KERNEL32.DLL+0x155a0]
C  [ntdll.dll+0x485b]


---------------  P R O C E S S  ---------------

Threads class SMR info:
_java_thread_list=0x0000020b1586a900, length=22, elements={
0x0000020b76008e20, 0x0000020b7f0b3190, 0x0000020b7f0b42e0, 0x0000020b7f0c5ca0,
0x0000020b7f0c6650, 0x0000020b7f0c77a0, 0x0000020b7f0cb910, 0x0000020b7f0d22d0,
0x0000020b7f0d6d80, 0x0000020b7f0e1770, 0x0000020b7f09c610, 0x0000020b14eb4fc0,
0x0000020b1566c5a0, 0x0000020b7fd37b10, 0x0000020b152fcff0, 0x0000020b154e25b0,
0x0000020b154e2a80, 0x0000020b15c03030, 0x0000020b160b28c0, 0x0000020b161243a0,
0x0000020b15f799b0, 0x0000020b15d07a40
}

Java Threads: ( => current thread )
  0x0000020b76008e20 JavaThread "main" [_thread_blocked, id=6436, stack(0x0000004699f00000,0x000000469a000000)]
  0x0000020b7f0b3190 JavaThread "Reference Handler" daemon [_thread_blocked, id=6772, stack(0x000000469a600000,0x000000469a700000)]
  0x0000020b7f0b42e0 JavaThread "Finalizer" daemon [_thread_blocked, id=3980, stack(0x000000469a700000,0x000000469a800000)]
  0x0000020b7f0c5ca0 JavaThread "Signal Dispatcher" daemon [_thread_blocked, id=4988, stack(0x000000469a800000,0x000000469a900000)]
  0x0000020b7f0c6650 JavaThread "Attach Listener" daemon [_thread_blocked, id=3256, stack(0x000000469a900000,0x000000469aa00000)]
  0x0000020b7f0c77a0 JavaThread "Service Thread" daemon [_thread_blocked, id=13016, stack(0x000000469aa00000,0x000000469ab00000)]
  0x0000020b7f0cb910 JavaThread "Monitor Deflation Thread" daemon [_thread_blocked, id=5436, stack(0x000000469ab00000,0x000000469ac00000)]
  0x0000020b7f0d22d0 JavaThread "C2 CompilerThread0" daemon [_thread_in_native, id=2720, stack(0x000000469ac00000,0x000000469ad00000)]
  0x0000020b7f0d6d80 JavaThread "C1 CompilerThread0" daemon [_thread_in_native, id=5592, stack(0x000000469ad00000,0x000000469ae00000)]
  0x0000020b7f0e1770 JavaThread "Sweeper thread" daemon [_thread_blocked, id=5868, stack(0x000000469ae00000,0x000000469af00000)]
  0x0000020b7f09c610 JavaThread "Common-Cleaner" daemon [_thread_blocked, id=3020, stack(0x000000469af00000,0x000000469b000000)]
  0x0000020b14eb4fc0 JavaThread "Notification Thread" daemon [_thread_blocked, id=4236, stack(0x000000469b200000,0x000000469b300000)]
  0x0000020b1566c5a0 JavaThread "QuantumRenderer-0" daemon [_thread_blocked, id=12076, stack(0x000000469b400000,0x000000469b500000)]
  0x0000020b7fd37b10 JavaThread "InvokeLaterDispatcher" daemon [_thread_blocked, id=11216, stack(0x000000469b500000,0x000000469b600000)]
  0x0000020b152fcff0 JavaThread "JavaFX Application Thread" [_thread_in_native, id=11472, stack(0x000000469b600000,0x000000469b700000)]
  0x0000020b154e25b0 JavaThread "JavaFX-Launcher" [_thread_blocked, id=12624, stack(0x000000469bb00000,0x000000469bc00000)]
  0x0000020b154e2a80 JavaThread "Thread-2" daemon [_thread_in_native, id=10676, stack(0x000000469ba00000,0x000000469bb00000)]
  0x0000020b15c03030 JavaThread "Prism Font Disposer" daemon [_thread_blocked, id=808, stack(0x000000469c100000,0x000000469c200000)]
  0x0000020b160b28c0 JavaThread "Cleaner-0" daemon [_thread_blocked, id=2084, stack(0x000000469c500000,0x000000469c600000)]
  0x0000020b161243a0 JavaThread "mysql-cj-abandoned-connection-cleanup" daemon [_thread_blocked, id=4304, stack(0x000000469b100000,0x000000469b200000)]
  0x0000020b15f799b0 JavaThread "C2 CompilerThread1" daemon [_thread_in_native, id=3080, stack(0x000000469cc00000,0x000000469cd00000)]
=>0x0000020b15d07a40 JavaThread "C2 CompilerThread2" daemon [_thread_in_native, id=5236, stack(0x000000469cd00000,0x000000469ce00000)]

Other Threads:
  0x0000020b7f0af060 VMThread "VM Thread" [stack: 0x000000469a500000,0x000000469a600000] [id=13020]
  0x0000020b76060940 WatcherThread [stack: 0x000000469b300000,0x000000469b400000] [id=2384]
  0x0000020b76046520 GCTaskThread "GC Thread#0" [stack: 0x000000469a000000,0x000000469a100000] [id=1548]
  0x0000020b15560840 GCTaskThread "GC Thread#1" [stack: 0x000000469bc00000,0x000000469bd00000] [id=6016]
  0x0000020b1555fd80 GCTaskThread "GC Thread#2" [stack: 0x000000469bd00000,0x000000469be00000] [id=11192]
  0x0000020b1555fad0 GCTaskThread "GC Thread#3" [stack: 0x000000469be00000,0x000000469bf00000] [id=12596]
  0x0000020b15560590 GCTaskThread "GC Thread#4" [stack: 0x000000469bf00000,0x000000469c000000] [id=6012]
  0x0000020b155602e0 GCTaskThread "GC Thread#5" [stack: 0x000000469c000000,0x000000469c100000] [id=2432]
  0x0000020b1555f820 GCTaskThread "GC Thread#6" [stack: 0x000000469c800000,0x000000469c900000] [id=5952]
  0x0000020b16153870 GCTaskThread "GC Thread#7" [stack: 0x000000469c900000,0x000000469ca00000] [id=12208]
  0x0000020b76056d40 ConcurrentGCThread "G1 Main Marker" [stack: 0x000000469a100000,0x000000469a200000] [id=12700]
  0x0000020b76058700 ConcurrentGCThread "G1 Conc#0" [stack: 0x000000469a200000,0x000000469a300000] [id=12496]
  0x0000020b161512d0 ConcurrentGCThread "G1 Conc#1" [stack: 0x000000469ca00000,0x000000469cb00000] [id=6084]
  0x0000020b760d25d0 ConcurrentGCThread "G1 Refine#0" [stack: 0x000000469a300000,0x000000469a400000] [id=2912]
  0x0000020b760d4da0 ConcurrentGCThread "G1 Service" [stack: 0x000000469a400000,0x000000469a500000] [id=12300]

Threads with active compile tasks:
C2 CompilerThread0    30526 4508       4       javafx.scene.CssStyleHelper::createStyleHelper (310 bytes)
C1 CompilerThread0    30526 4586       3       javafx.scene.control.skin.LabeledSkinBase::computeMinLabeledPartHeight (194 bytes)
C2 CompilerThread1    30526 4560   !   4       javafx.scene.CssStyleHelper::transitionToState (1019 bytes)
C2 CompilerThread2    30526 4574       4       javafx.scene.Parent::markDirtyLayout (62 bytes)

VM state: not at safepoint (normal execution)

VM Mutex/Monitor currently owned by a thread: None

Heap address: 0x0000000084400000, size: 1980 MB, Compressed Oops mode: 32-bit

CDS archive(s) mapped at: [0x0000000800000000-0x0000000800bc0000-0x0000000800bc0000), size 12320768, SharedBaseAddress: 0x0000000800000000, ArchiveRelocationMode: 0.
Compressed class space mapped at: 0x0000000800c00000-0x0000000840c00000, reserved size: 1073741824
Narrow klass base: 0x0000000800000000, Narrow klass shift: 0, Narrow klass range: 0x100000000

GC Precious Log:
 CPUs: 8 total, 8 available
 Memory: 7918M
 Large Page Support: Disabled
 NUMA Support: Disabled
 Compressed Oops: Enabled (32-bit)
 Heap Region Size: 1M
 Heap Min Capacity: 8M
 Heap Initial Capacity: 124M
 Heap Max Capacity: 1980M
 Pre-touch: Disabled
 Parallel Workers: 8
 Concurrent Workers: 2
 Concurrent Refinement Workers: 8
 Periodic GC: Disabled

Heap:
 garbage-first heap   total 102400K, used 36880K [0x0000000084400000, 0x0000000100000000)
  region size 1024K, 7 young (7168K), 1 survivors (1024K)
 Metaspace       used 25234K, committed 25472K, reserved 1073152K
  class space    used 3261K, committed 3392K, reserved 1048576K

Heap Regions: E=young(eden), S=young(survivor), O=old, HS=humongous(starts), HC=humongous(continues), CS=collection set, F=free, OA=open archive, CA=closed archive, TAMS=top-at-mark-start (previous, next)
|   0|0x0000000084400000, 0x0000000084500000, 0x0000000084500000|100%| O|  |TAMS 0x0000000084500000, 0x0000000084400000| Untracked 
|   1|0x0000000084500000, 0x0000000084600000, 0x0000000084600000|100%| O|  |TAMS 0x0000000084600000, 0x0000000084500000| Untracked 
|   2|0x0000000084600000, 0x0000000084600000, 0x0000000084700000|  0%| F|  |TAMS 0x0000000084600000, 0x0000000084600000| Untracked 
|   3|0x0000000084700000, 0x0000000084700000, 0x0000000084800000|  0%| F|  |TAMS 0x0000000084700000, 0x0000000084700000| Untracked 
|   4|0x0000000084800000, 0x0000000084900000, 0x0000000084900000|100%|HS|  |TAMS 0x0000000084900000, 0x0000000084800000| Complete 
|   5|0x0000000084900000, 0x0000000084a00000, 0x0000000084a00000|100%|HC|  |TAMS 0x0000000084a00000, 0x0000000084900000| Complete 
|   6|0x0000000084a00000, 0x0000000084a00000, 0x0000000084b00000|  0%| F|  |TAMS 0x0000000084a00000, 0x0000000084a00000| Untracked 
|   7|0x0000000084b00000, 0x0000000084b00000, 0x0000000084c00000|  0%| F|  |TAMS 0x0000000084b00000, 0x0000000084b00000| Untracked 
|   8|0x0000000084c00000, 0x0000000084c00000, 0x0000000084d00000|  0%| F|  |TAMS 0x0000000084c00000, 0x0000000084c00000| Untracked 
|   9|0x0000000084d00000, 0x0000000084d00000, 0x0000000084e00000|  0%| F|  |TAMS 0x0000000084d00000, 0x0000000084d00000| Untracked 
|  10|0x0000000084e00000, 0x0000000084e00000, 0x0000000084f00000|  0%| F|  |TAMS 0x0000000084e00000, 0x0000000084e00000| Untracked 
|  11|0x0000000084f00000, 0x0000000084f00000, 0x0000000085000000|  0%| F|  |TAMS 0x0000000084f00000, 0x0000000084f00000| Untracked 
|  12|0x0000000085000000, 0x0000000085000000, 0x0000000085100000|  0%| F|  |TAMS 0x0000000085000000, 0x0000000085000000| Untracked 
|  13|0x0000000085100000, 0x0000000085100000, 0x0000000085200000|  0%| F|  |TAMS 0x0000000085100000, 0x0000000085100000| Untracked 
|  14|0x0000000085200000, 0x0000000085200000, 0x0000000085300000|  0%| F|  |TAMS 0x0000000085200000, 0x0000000085200000| Untracked 
|  15|0x0000000085300000, 0x0000000085300000, 0x0000000085400000|  0%| F|  |TAMS 0x0000000085300000, 0x0000000085300000| Untracked 
|  16|0x0000000085400000, 0x0000000085400000, 0x0000000085500000|  0%| F|  |TAMS 0x0000000085400000, 0x0000000085400000| Untracked 
|  17|0x0000000085500000, 0x0000000085600000, 0x0000000085600000|100%| O|  |TAMS 0x0000000085600000, 0x0000000085500000| Untracked 
|  18|0x0000000085600000, 0x0000000085700000, 0x0000000085700000|100%| O|  |TAMS 0x0000000085700000, 0x0000000085600000| Untracked 
|  19|0x0000000085700000, 0x0000000085800000, 0x0000000085800000|100%| O|  |TAMS 0x0000000085800000, 0x0000000085700000| Untracked 
|  20|0x0000000085800000, 0x0000000085900000, 0x0000000085900000|100%| O|  |TAMS 0x0000000085900000, 0x0000000085800000| Untracked 
|  21|0x0000000085900000, 0x0000000085a00000, 0x0000000085a00000|100%| O|  |TAMS 0x0000000085a00000, 0x0000000085900000| Untracked 
|  22|0x0000000085a00000, 0x0000000085b00000, 0x0000000085b00000|100%| O|  |TAMS 0x0000000085b00000, 0x0000000085a00000| Untracked 
|  23|0x0000000085b00000, 0x0000000085c00000, 0x0000000085c00000|100%| O|  |TAMS 0x0000000085c00000, 0x0000000085b00000| Untracked 
|  24|0x0000000085c00000, 0x0000000085c00000, 0x0000000085d00000|  0%| F|  |TAMS 0x0000000085c00000, 0x0000000085c00000| Untracked 
|  25|0x0000000085d00000, 0x0000000085e00000, 0x0000000085e00000|100%|HS|  |TAMS 0x0000000085e00000, 0x0000000085d00000| Complete 
|  26|0x0000000085e00000, 0x0000000085f00000, 0x0000000085f00000|100%|HC|  |TAMS 0x0000000085f00000, 0x0000000085e00000| Complete 
|  27|0x0000000085f00000, 0x0000000086000000, 0x0000000086000000|100%| O|  |TAMS 0x0000000086000000, 0x0000000085f00000| Untracked 
|  28|0x0000000086000000, 0x0000000086100000, 0x0000000086100000|100%| O|  |TAMS 0x0000000086100000, 0x0000000086000000| Untracked 
|  29|0x0000000086100000, 0x0000000086200000, 0x0000000086200000|100%| O|  |TAMS 0x0000000086200000, 0x0000000086100000| Untracked 
|  30|0x0000000086200000, 0x0000000086300000, 0x0000000086300000|100%| O|  |TAMS 0x0000000086300000, 0x0000000086200000| Untracked 
|  31|0x0000000086300000, 0x0000000086400000, 0x0000000086400000|100%|HS|  |TAMS 0x0000000086300000, 0x0000000086300000| Complete 
|  32|0x0000000086400000, 0x0000000086500000, 0x0000000086500000|100%|HC|  |TAMS 0x0000000086400000, 0x0000000086400000| Complete 
|  33|0x0000000086500000, 0x0000000086500000, 0x0000000086600000|  0%| F|  |TAMS 0x0000000086500000, 0x0000000086500000| Untracked 
|  34|0x0000000086600000, 0x0000000086600000, 0x0000000086700000|  0%| F|  |TAMS 0x0000000086600000, 0x0000000086600000| Untracked 
|  35|0x0000000086700000, 0x0000000086700000, 0x0000000086800000|  0%| F|  |TAMS 0x0000000086700000, 0x0000000086700000| Untracked 
|  36|0x0000000086800000, 0x0000000086800000, 0x0000000086900000|  0%| F|  |TAMS 0x0000000086800000, 0x0000000086800000| Untracked 
|  37|0x0000000086900000, 0x0000000086900000, 0x0000000086a00000|  0%| F|  |TAMS 0x0000000086900000, 0x0000000086900000| Untracked 
|  38|0x0000000086a00000, 0x0000000086b00000, 0x0000000086b00000|100%| O|  |TAMS 0x0000000086b00000, 0x0000000086a00000| Untracked 
|  39|0x0000000086b00000, 0x0000000086ba0200, 0x0000000086c00000| 62%| O|  |TAMS 0x0000000086ba0200, 0x0000000086b00000| Untracked 
|  40|0x0000000086c00000, 0x0000000086c00000, 0x0000000086d00000|  0%| F|  |TAMS 0x0000000086c00000, 0x0000000086c00000| Untracked 
|  41|0x0000000086d00000, 0x0000000086d00000, 0x0000000086e00000|  0%| F|  |TAMS 0x0000000086d00000, 0x0000000086d00000| Untracked 
|  42|0x0000000086e00000, 0x0000000086e00000, 0x0000000086f00000|  0%| F|  |TAMS 0x0000000086e00000, 0x0000000086e00000| Untracked 
|  43|0x0000000086f00000, 0x0000000086f00000, 0x0000000087000000|  0%| F|  |TAMS 0x0000000086f00000, 0x0000000086f00000| Untracked 
|  44|0x0000000087000000, 0x0000000087000000, 0x0000000087100000|  0%| F|  |TAMS 0x0000000087000000, 0x0000000087000000| Untracked 
|  45|0x0000000087100000, 0x0000000087100000, 0x0000000087200000|  0%| F|  |TAMS 0x0000000087100000, 0x0000000087100000| Untracked 
|  46|0x0000000087200000, 0x0000000087200000, 0x0000000087300000|  0%| F|  |TAMS 0x0000000087200000, 0x0000000087200000| Untracked 
|  47|0x0000000087300000, 0x0000000087300000, 0x0000000087400000|  0%| F|  |TAMS 0x0000000087300000, 0x0000000087300000| Untracked 
|  48|0x0000000087400000, 0x0000000087400000, 0x0000000087500000|  0%| F|  |TAMS 0x0000000087400000, 0x0000000087400000| Untracked 
|  49|0x0000000087500000, 0x0000000087500000, 0x0000000087600000|  0%| F|  |TAMS 0x0000000087500000, 0x0000000087500000| Untracked 
|  50|0x0000000087600000, 0x0000000087600000, 0x0000000087700000|  0%| F|  |TAMS 0x0000000087600000, 0x0000000087600000| Untracked 
|  51|0x0000000087700000, 0x0000000087800000, 0x0000000087800000|100%|HS|  |TAMS 0x0000000087800000, 0x0000000087700000| Complete 
|  52|0x0000000087800000, 0x0000000087900000, 0x0000000087900000|100%|HC|  |TAMS 0x0000000087900000, 0x0000000087800000| Complete 
|  53|0x0000000087900000, 0x0000000087a00000, 0x0000000087a00000|100%|HS|  |TAMS 0x0000000087a00000, 0x0000000087900000| Complete 
|  54|0x0000000087a00000, 0x0000000087b00000, 0x0000000087b00000|100%|HC|  |TAMS 0x0000000087b00000, 0x0000000087a00000| Complete 
|  55|0x0000000087b00000, 0x0000000087c00000, 0x0000000087c00000|100%|HS|  |TAMS 0x0000000087c00000, 0x0000000087b00000| Complete 
|  56|0x0000000087c00000, 0x0000000087d00000, 0x0000000087d00000|100%|HC|  |TAMS 0x0000000087d00000, 0x0000000087c00000| Complete 
|  57|0x0000000087d00000, 0x0000000087e00000, 0x0000000087e00000|100%|HS|  |TAMS 0x0000000087e00000, 0x0000000087d00000| Complete 
|  58|0x0000000087e00000, 0x0000000087f00000, 0x0000000087f00000|100%|HC|  |TAMS 0x0000000087f00000, 0x0000000087e00000| Complete 
|  59|0x0000000087f00000, 0x0000000088000000, 0x0000000088000000|100%|HC|  |TAMS 0x0000000088000000, 0x0000000087f00000| Complete 
|  60|0x0000000088000000, 0x0000000088100000, 0x0000000088100000|100%|HS|  |TAMS 0x0000000088100000, 0x0000000088000000| Complete 
|  61|0x0000000088100000, 0x0000000088200000, 0x0000000088200000|100%|HC|  |TAMS 0x0000000088200000, 0x0000000088100000| Complete 
|  62|0x0000000088200000, 0x0000000088200000, 0x0000000088300000|  0%| F|  |TAMS 0x0000000088200000, 0x0000000088200000| Untracked 
|  63|0x0000000088300000, 0x0000000088300000, 0x0000000088400000|  0%| F|  |TAMS 0x0000000088300000, 0x0000000088300000| Untracked 
|  64|0x0000000088400000, 0x0000000088400000, 0x0000000088500000|  0%| F|  |TAMS 0x0000000088400000, 0x0000000088400000| Untracked 
|  65|0x0000000088500000, 0x0000000088500000, 0x0000000088600000|  0%| F|  |TAMS 0x0000000088500000, 0x0000000088500000| Untracked 
|  66|0x0000000088600000, 0x0000000088600000, 0x0000000088700000|  0%| F|  |TAMS 0x0000000088600000, 0x0000000088600000| Untracked 
|  67|0x0000000088700000, 0x0000000088700000, 0x0000000088800000|  0%| F|  |TAMS 0x0000000088700000, 0x0000000088700000| Untracked 
|  68|0x0000000088800000, 0x0000000088800000, 0x0000000088900000|  0%| F|  |TAMS 0x0000000088800000, 0x0000000088800000| Untracked 
|  69|0x0000000088900000, 0x0000000088900000, 0x0000000088a00000|  0%| F|  |TAMS 0x0000000088900000, 0x0000000088900000| Untracked 
|  70|0x0000000088a00000, 0x0000000088a00000, 0x0000000088b00000|  0%| F|  |TAMS 0x0000000088a00000, 0x0000000088a00000| Untracked 
|  71|0x0000000088b00000, 0x0000000088b00000, 0x0000000088c00000|  0%| F|  |TAMS 0x0000000088b00000, 0x0000000088b00000| Untracked 
|  72|0x0000000088c00000, 0x0000000088c00000, 0x0000000088d00000|  0%| F|  |TAMS 0x0000000088c00000, 0x0000000088c00000| Untracked 
|  73|0x0000000088d00000, 0x0000000088d00000, 0x0000000088e00000|  0%| F|  |TAMS 0x0000000088d00000, 0x0000000088d00000| Untracked 
|  74|0x0000000088e00000, 0x0000000088e00000, 0x0000000088f00000|  0%| F|  |TAMS 0x0000000088e00000, 0x0000000088e00000| Untracked 
|  75|0x0000000088f00000, 0x0000000088f00000, 0x0000000089000000|  0%| F|  |TAMS 0x0000000088f00000, 0x0000000088f00000| Untracked 
|  76|0x0000000089000000, 0x0000000089000000, 0x0000000089100000|  0%| F|  |TAMS 0x0000000089000000, 0x0000000089000000| Untracked 
|  77|0x0000000089100000, 0x0000000089100000, 0x0000000089200000|  0%| F|  |TAMS 0x0000000089100000, 0x0000000089100000| Untracked 
|  78|0x0000000089200000, 0x0000000089200000, 0x0000000089300000|  0%| F|  |TAMS 0x0000000089200000, 0x0000000089200000| Untracked 
|  79|0x0000000089300000, 0x0000000089300000, 0x0000000089400000|  0%| F|  |TAMS 0x0000000089300000, 0x0000000089300000| Untracked 
|  80|0x0000000089400000, 0x0000000089400000, 0x0000000089500000|  0%| F|  |TAMS 0x0000000089400000, 0x0000000089400000| Untracked 
|  81|0x0000000089500000, 0x0000000089500000, 0x0000000089600000|  0%| F|  |TAMS 0x0000000089500000, 0x0000000089500000| Untracked 
|  82|0x0000000089600000, 0x0000000089600000, 0x0000000089700000|  0%| F|  |TAMS 0x0000000089600000, 0x0000000089600000| Untracked 
|  83|0x0000000089700000, 0x0000000089700000, 0x0000000089800000|  0%| F|  |TAMS 0x0000000089700000, 0x0000000089700000| Untracked 
|  84|0x0000000089800000, 0x0000000089800000, 0x0000000089900000|  0%| F|  |TAMS 0x0000000089800000, 0x0000000089800000| Untracked 
|  85|0x0000000089900000, 0x0000000089900000, 0x0000000089a00000|  0%| F|  |TAMS 0x0000000089900000, 0x0000000089900000| Untracked 
|  86|0x0000000089a00000, 0x0000000089a00000, 0x0000000089b00000|  0%| F|  |TAMS 0x0000000089a00000, 0x0000000089a00000| Untracked 
|  87|0x0000000089b00000, 0x0000000089b00000, 0x0000000089c00000|  0%| F|  |TAMS 0x0000000089b00000, 0x0000000089b00000| Untracked 
|  88|0x0000000089c00000, 0x0000000089c00000, 0x0000000089d00000|  0%| F|  |TAMS 0x0000000089c00000, 0x0000000089c00000| Untracked 
|  89|0x0000000089d00000, 0x0000000089d00000, 0x0000000089e00000|  0%| F|  |TAMS 0x0000000089d00000, 0x0000000089d00000| Untracked 
|  90|0x0000000089e00000, 0x0000000089e00000, 0x0000000089f00000|  0%| F|  |TAMS 0x0000000089e00000, 0x0000000089e00000| Untracked 
|  91|0x0000000089f00000, 0x0000000089f00000, 0x000000008a000000|  0%| F|  |TAMS 0x0000000089f00000, 0x0000000089f00000| Untracked 
|  92|0x000000008a000000, 0x000000008a000000, 0x000000008a100000|  0%| F|  |TAMS 0x000000008a000000, 0x000000008a000000| Untracked 
|  93|0x000000008a100000, 0x000000008a200000, 0x000000008a200000|100%| E|  |TAMS 0x000000008a100000, 0x000000008a100000| Complete 
|  94|0x000000008a200000, 0x000000008a300000, 0x000000008a300000|100%| E|CS|TAMS 0x000000008a200000, 0x000000008a200000| Complete 
| 105|0x000000008ad00000, 0x000000008ae00000, 0x000000008ae00000|100%| E|CS|TAMS 0x000000008ad00000, 0x000000008ad00000| Complete 
| 106|0x000000008ae00000, 0x000000008ae64030, 0x000000008af00000| 39%| S|CS|TAMS 0x000000008ae00000, 0x000000008ae00000| Complete 
| 107|0x000000008af00000, 0x000000008b000000, 0x000000008b000000|100%| E|  |TAMS 0x000000008af00000, 0x000000008af00000| Complete 
| 108|0x000000008b000000, 0x000000008b100000, 0x000000008b100000|100%| E|CS|TAMS 0x000000008b000000, 0x000000008b000000| Complete 
| 123|0x000000008bf00000, 0x000000008c000000, 0x000000008c000000|100%| E|CS|TAMS 0x000000008bf00000, 0x000000008bf00000| Complete 

Card table byte_map: [0x0000020b7df20000,0x0000020b7e300000] _byte_map_base: 0x0000020b7dafe000

Marking Bits (Prev, Next): (CMBitMap*) 0x0000020b76046b30, (CMBitMap*) 0x0000020b76046b70
 Prev Bits: [0x0000020b0f000000, 0x0000020b10ef0000)
 Next Bits: [0x0000020b10ef0000, 0x0000020b12de0000)

Polling page: 0x0000020b73fb0000

Metaspace:

Usage:
  Non-class:     21.46 MB used.
      Class:      3.19 MB used.
       Both:     24.64 MB used.

Virtual space:
  Non-class space:       24.00 MB reserved,      21.56 MB ( 90%) committed,  3 nodes.
      Class space:        1.00 GB reserved,       3.31 MB ( <1%) committed,  1 nodes.
             Both:        1.02 GB reserved,      24.88 MB (  2%) committed. 

Chunk freelists:
   Non-Class:  1.88 MB
       Class:  621.00 KB
        Both:  2.48 MB

MaxMetaspaceSize: unlimited
CompressedClassSpaceSize: 1.00 GB
Initial GC threshold: 21.00 MB
Current GC threshold: 41.25 MB
CDS: on
MetaspaceReclaimPolicy: balanced
 - commit_granule_bytes: 65536.
 - commit_granule_words: 8192.
 - virtual_space_node_default_size: 1048576.
 - enlarge_chunks_in_place: 1.
 - new_chunks_are_fully_committed: 0.
 - uncommit_free_chunks: 1.
 - use_allocation_guard: 0.
 - handle_deallocations: 1.


Internal statistics:

num_allocs_failed_limit: 5.
num_arena_births: 268.
num_arena_deaths: 0.
num_vsnodes_births: 4.
num_vsnodes_deaths: 0.
num_space_committed: 398.
num_space_uncommitted: 0.
num_chunks_returned_to_freelist: 5.
num_chunks_taken_from_freelist: 1021.
num_chunk_merges: 5.
num_chunk_splits: 677.
num_chunks_enlarged: 485.
num_purges: 0.
num_inconsistent_stats: 0.

CodeHeap 'non-profiled nmethods': size=120000Kb used=1965Kb max_used=1965Kb free=118034Kb
 bounds [0x0000020b07ad0000, 0x0000020b07d40000, 0x0000020b0f000000]
CodeHeap 'profiled nmethods': size=120000Kb used=9349Kb max_used=9349Kb free=110650Kb
 bounds [0x0000020b005a0000, 0x0000020b00ed0000, 0x0000020b07ad0000]
CodeHeap 'non-nmethods': size=5760Kb used=1530Kb max_used=1564Kb free=4230Kb
 bounds [0x0000020b00000000, 0x0000020b00270000, 0x0000020b005a0000]
 total_blobs=5474 nmethods=4577 adapters=807
 compilation: enabled
              stopped_count=0, restarted_count=0
 full_count=0

Compilation events (20 events):
Event: 30.476 Thread 0x0000020b7f0d6d80 4579       3       javafx.scene.text.Text::getFontInternal (18 bytes)
Event: 30.476 Thread 0x0000020b7f0d6d80 nmethod 4579 0x0000020b00eb7510 code [0x0000020b00eb7720, 0x0000020b00eb7da8]
Event: 30.476 Thread 0x0000020b7f0d6d80 4581       3       javafx.scene.control.skin.LabeledSkinBase::computePrefHeight (272 bytes)
Event: 30.480 Thread 0x0000020b7f0d6d80 nmethod 4581 0x0000020b00eb8010 code [0x0000020b00eb87c0, 0x0000020b00ebe2a8]
Event: 30.480 Thread 0x0000020b7f0d6d80 4585       3       javafx.scene.Parent::isCurrentLayoutChild (14 bytes)
Event: 30.480 Thread 0x0000020b7f0d6d80 nmethod 4585 0x0000020b00ec0090 code [0x0000020b00ec0220, 0x0000020b00ec0398]
Event: 30.480 Thread 0x0000020b7f0d6d80 4584       3       javafx.scene.text.Text::getX (19 bytes)
Event: 30.480 Thread 0x0000020b15d07a40 4561       4       com.sun.javafx.scene.layout.RegionHelper::notifyLayoutBoundsChangedImpl (10 bytes)
Event: 30.480 Thread 0x0000020b7f0d6d80 nmethod 4584 0x0000020b00ec0410 code [0x0000020b00ec0600, 0x0000020b00ec09c8]
Event: 30.480 Thread 0x0000020b7f0d6d80 4577       3       javafx.scene.Node::scenesChanged (1 bytes)
Event: 30.480 Thread 0x0000020b7f0d6d80 nmethod 4577 0x0000020b00ec0b10 code [0x0000020b00ec0ca0, 0x0000020b00ec0db8]
Event: 30.480 Thread 0x0000020b7f0d6d80 4582       3       javafx.scene.Parent::access$1002 (7 bytes)
Event: 30.480 Thread 0x0000020b7f0d6d80 nmethod 4582 0x0000020b00ec0e90 code [0x0000020b00ec1020, 0x0000020b00ec1118]
Event: 30.480 Thread 0x0000020b7f0d6d80 4578       3       javafx.scene.layout.Region::access$1402 (7 bytes)
Event: 30.480 Thread 0x0000020b7f0d6d80 nmethod 4578 0x0000020b00ec1210 code [0x0000020b00ec13a0, 0x0000020b00ec1498]
Event: 30.481 Thread 0x0000020b15d07a40 nmethod 4561 0x0000020b07cbae90 code [0x0000020b07cbb020, 0x0000020b07cbb118]
Event: 30.481 Thread 0x0000020b15d07a40 4583       4       javafx.scene.Scene::getWindow (22 bytes)
Event: 30.482 Thread 0x0000020b15d07a40 nmethod 4583 0x0000020b07cbb210 code [0x0000020b07cbb3a0, 0x0000020b07cbb498]
Event: 30.482 Thread 0x0000020b15d07a40 4574       4       javafx.scene.Parent::markDirtyLayout (62 bytes)
Event: 30.494 Thread 0x0000020b7f0d6d80 4586       3       javafx.scene.control.skin.LabeledSkinBase::computeMinLabeledPartHeight (194 bytes)

GC Heap History (12 events):
Event: 0.472 GC heap before
{Heap before GC invocations=0 (full 0):
 garbage-first heap   total 126976K, used 22528K [0x0000000084400000, 0x0000000100000000)
  region size 1024K, 23 young (23552K), 0 survivors (0K)
 Metaspace       used 5348K, committed 5568K, reserved 1056768K
  class space    used 614K, committed 704K, reserved 1048576K
}
Event: 0.474 GC heap after
{Heap after GC invocations=1 (full 0):
 garbage-first heap   total 126976K, used 4356K [0x0000000084400000, 0x0000000100000000)
  region size 1024K, 3 young (3072K), 3 survivors (3072K)
 Metaspace       used 5348K, committed 5568K, reserved 1056768K
  class space    used 614K, committed 704K, reserved 1048576K
}
Event: 1.790 GC heap before
{Heap before GC invocations=1 (full 0):
 garbage-first heap   total 126976K, used 49412K [0x0000000084400000, 0x0000000100000000)
  region size 1024K, 33 young (33792K), 3 survivors (3072K)
 Metaspace       used 13402K, committed 13632K, reserved 1064960K
  class space    used 1755K, committed 1856K, reserved 1048576K
}
Event: 1.795 GC heap after
{Heap after GC invocations=2 (full 0):
 garbage-first heap   total 126976K, used 25058K [0x0000000084400000, 0x0000000100000000)
  region size 1024K, 5 young (5120K), 5 survivors (5120K)
 Metaspace       used 13402K, committed 13632K, reserved 1064960K
  class space    used 1755K, committed 1856K, reserved 1048576K
}
Event: 2.250 GC heap before
{Heap before GC invocations=2 (full 0):
 garbage-first heap   total 126976K, used 39394K [0x0000000084400000, 0x0000000100000000)
  region size 1024K, 20 young (20480K), 5 survivors (5120K)
 Metaspace       used 21287K, committed 21504K, reserved 1073152K
  class space    used 2639K, committed 2752K, reserved 1048576K
}
Event: 2.255 GC heap after
{Heap after GC invocations=3 (full 0):
 garbage-first heap   total 126976K, used 28407K [0x0000000084400000, 0x0000000100000000)
  region size 1024K, 4 young (4096K), 4 survivors (4096K)
 Metaspace       used 21287K, committed 21504K, reserved 1073152K
  class space    used 2639K, committed 2752K, reserved 1048576K
}
Event: 18.394 GC heap before
{Heap before GC invocations=4 (full 0):
 garbage-first heap   total 102400K, used 88823K [0x0000000084400000, 0x0000000100000000)
  region size 1024K, 27 young (27648K), 4 survivors (4096K)
 Metaspace       used 24889K, committed 25152K, reserved 1073152K
  class space    used 3255K, committed 3392K, reserved 1048576K
}
Event: 18.398 GC heap after
{Heap after GC invocations=5 (full 0):
 garbage-first heap   total 102400K, used 61055K [0x0000000084400000, 0x0000000100000000)
  region size 1024K, 7 young (7168K), 7 survivors (7168K)
 Metaspace       used 24889K, committed 25152K, reserved 1073152K
  class space    used 3255K, committed 3392K, reserved 1048576K
}
Event: 26.678 GC heap before
{Heap before GC invocations=5 (full 0):
 garbage-first heap   total 102400K, used 64127K [0x0000000084400000, 0x0000000100000000)
  region size 1024K, 8 young (8192K), 7 survivors (7168K)
 Metaspace       used 24978K, committed 25216K, reserved 1073152K
  class space    used 3256K, committed 3392K, reserved 1048576K
}
Event: 26.682 GC heap after
{Heap after GC invocations=6 (full 0):
 garbage-first heap   total 102400K, used 55759K [0x0000000084400000, 0x0000000100000000)
  region size 1024K, 1 young (1024K), 1 survivors (1024K)
 Metaspace       used 24978K, committed 25216K, reserved 1073152K
  class space    used 3256K, committed 3392K, reserved 1048576K
}
Event: 29.118 GC heap before
{Heap before GC invocations=6 (full 0):
 garbage-first heap   total 102400K, used 56783K [0x0000000084400000, 0x0000000100000000)
  region size 1024K, 3 young (3072K), 1 survivors (1024K)
 Metaspace       used 25026K, committed 25344K, reserved 1073152K
  class space    used 3257K, committed 3392K, reserved 1048576K
}
Event: 29.120 GC heap after
{Heap after GC invocations=7 (full 0):
 garbage-first heap   total 102400K, used 55312K [0x0000000084400000, 0x0000000100000000)
  region size 1024K, 1 young (1024K), 1 survivors (1024K)
 Metaspace       used 25026K, committed 25344K, reserved 1073152K
  class space    used 3257K, committed 3392K, reserved 1048576K
}

Deoptimization events (20 events):
Event: 30.451 Thread 0x0000020b152fcff0 Uncommon trap: trap_request=0xffffffbe fr.pc=0x0000020b07cafed0 relative=0x0000000000003750
Event: 30.451 Thread 0x0000020b152fcff0 Uncommon trap: reason=profile_predicate action=maybe_recompile pc=0x0000020b07cafed0 method=javafx.scene.CssStyleHelper.createStyleHelper(Ljavafx/scene/Node;)Ljavafx/scene/CssStyleHelper; @ 180 c2
Event: 30.451 Thread 0x0000020b152fcff0 DEOPT PACKING pc=0x0000020b07cafed0 sp=0x000000469b6fd260
Event: 30.451 Thread 0x0000020b152fcff0 DEOPT UNPACKING pc=0x0000020b00055c23 sp=0x000000469b6fd228 mode 2
Event: 30.460 Thread 0x0000020b152fcff0 Uncommon trap: trap_request=0xffffffbe fr.pc=0x0000020b07cb8bcc relative=0x000000000000038c
Event: 30.460 Thread 0x0000020b152fcff0 Uncommon trap: reason=profile_predicate action=maybe_recompile pc=0x0000020b07cb8bcc method=javafx.css.CompoundSelector.applies(Ljavafx/css/Styleable;[Ljava/util/Set;I)Z @ 89 c2
Event: 30.460 Thread 0x0000020b152fcff0 DEOPT PACKING pc=0x0000020b07cb8bcc sp=0x000000469b6fbaf0
Event: 30.460 Thread 0x0000020b152fcff0 DEOPT UNPACKING pc=0x0000020b00055c23 sp=0x000000469b6fba80 mode 2
Event: 30.460 Thread 0x0000020b152fcff0 Uncommon trap: trap_request=0xffffffbe fr.pc=0x0000020b07cb8bcc relative=0x000000000000038c
Event: 30.460 Thread 0x0000020b152fcff0 Uncommon trap: reason=profile_predicate action=maybe_recompile pc=0x0000020b07cb8bcc method=javafx.css.CompoundSelector.applies(Ljavafx/css/Styleable;[Ljava/util/Set;I)Z @ 89 c2
Event: 30.460 Thread 0x0000020b152fcff0 DEOPT PACKING pc=0x0000020b07cb8bcc sp=0x000000469b6fbaf0
Event: 30.460 Thread 0x0000020b152fcff0 DEOPT UNPACKING pc=0x0000020b00055c23 sp=0x000000469b6fba80 mode 2
Event: 30.460 Thread 0x0000020b152fcff0 Uncommon trap: trap_request=0xffffffbe fr.pc=0x0000020b07cb8bcc relative=0x000000000000038c
Event: 30.460 Thread 0x0000020b152fcff0 Uncommon trap: reason=profile_predicate action=maybe_recompile pc=0x0000020b07cb8bcc method=javafx.css.CompoundSelector.applies(Ljavafx/css/Styleable;[Ljava/util/Set;I)Z @ 89 c2
Event: 30.460 Thread 0x0000020b152fcff0 DEOPT PACKING pc=0x0000020b07cb8bcc sp=0x000000469b6fbaf0
Event: 30.460 Thread 0x0000020b152fcff0 DEOPT UNPACKING pc=0x0000020b00055c23 sp=0x000000469b6fba80 mode 2
Event: 30.460 Thread 0x0000020b152fcff0 Uncommon trap: trap_request=0xffffffbe fr.pc=0x0000020b07cb8bcc relative=0x000000000000038c
Event: 30.460 Thread 0x0000020b152fcff0 Uncommon trap: reason=profile_predicate action=maybe_recompile pc=0x0000020b07cb8bcc method=javafx.css.CompoundSelector.applies(Ljavafx/css/Styleable;[Ljava/util/Set;I)Z @ 89 c2
Event: 30.460 Thread 0x0000020b152fcff0 DEOPT PACKING pc=0x0000020b07cb8bcc sp=0x000000469b6fbaf0
Event: 30.460 Thread 0x0000020b152fcff0 DEOPT UNPACKING pc=0x0000020b00055c23 sp=0x000000469b6fba80 mode 2

Classes unloaded (0 events):
No events

Classes redefined (0 events):
No events

Internal exceptions (20 events):
Event: 1.683 Thread 0x0000020b152fcff0 Exception <a 'java/lang/NoSuchMethodError'{0x000000008a1222f8}: 'long java.lang.invoke.DirectMethodHandle$Holder.invokeStatic(java.lang.Object, java.lang.Object, java.lang.Object)'> (0x000000008a1222f8) 
thrown [t:\workspace\open\src\hotspot\share\interpreter\linkResolver.cpp, line 766]
Event: 1.683 Thread 0x0000020b152fcff0 Exception <a 'java/lang/NoSuchMethodError'{0x000000008a125aa0}: 'long java.lang.invoke.DirectMethodHandle$Holder.invokeStaticInit(java.lang.Object, java.lang.Object, java.lang.Object)'> (0x000000008a125aa0) 
thrown [t:\workspace\open\src\hotspot\share\interpreter\linkResolver.cpp, line 766]
Event: 1.684 Thread 0x0000020b152fcff0 Exception <a 'java/lang/NoSuchMethodError'{0x000000008a13d6a8}: 'java.lang.Object java.lang.invoke.DirectMethodHandle$Holder.newInvokeSpecial(java.lang.Object, java.lang.Object, long)'> (0x000000008a13d6a8) 
thrown [t:\workspace\open\src\hotspot\share\interpreter\linkResolver.cpp, line 766]
Event: 1.684 Thread 0x0000020b152fcff0 Exception <a 'java/lang/NoSuchMethodError'{0x000000008a141218}: 'java.lang.Object java.lang.invoke.Invokers$Holder.linkToTargetMethod(java.lang.Object, long, java.lang.Object)'> (0x000000008a141218) 
thrown [t:\workspace\open\src\hotspot\share\interpreter\linkResolver.cpp, line 766]
Event: 1.772 Thread 0x0000020b152fcff0 Exception <a 'java/lang/NoSuchMethodError'{0x0000000089f17828}: 'java.lang.Object java.lang.invoke.DirectMethodHandle$Holder.invokeInterface(java.lang.Object, java.lang.Object)'> (0x0000000089f17828) 
thrown [t:\workspace\open\src\hotspot\share\interpreter\linkResolver.cpp, line 766]
Event: 1.901 Thread 0x0000020b152fcff0 Exception <a 'java/net/ConnectException'{0x000000008bb46d90}: Connection refused: connect> (0x000000008bb46d90) 
thrown [t:\workspace\open\src\hotspot\share\prims\jni.cpp, line 535]
Event: 1.901 Thread 0x0000020b152fcff0 Exception <a 'java/net/SocketException'{0x000000008bb47720}: Socket is not connected: shutdown> (0x000000008bb47720) 
thrown [t:\workspace\open\src\hotspot\share\prims\jni.cpp, line 535]
Event: 1.901 Thread 0x0000020b152fcff0 Exception <a 'java/net/ConnectException'{0x000000008bb48610}: Connection refused: connect> (0x000000008bb48610) 
thrown [t:\workspace\open\src\hotspot\share\prims\jni.cpp, line 535]
Event: 1.901 Thread 0x0000020b152fcff0 Exception <a 'java/net/SocketException'{0x000000008bb48e98}: Socket is not connected: shutdown> (0x000000008bb48e98) 
thrown [t:\workspace\open\src\hotspot\share\prims\jni.cpp, line 535]
Event: 1.910 Thread 0x0000020b152fcff0 Exception <a 'java/lang/reflect/InvocationTargetException'{0x000000008bb98478}> (0x000000008bb98478) 
thrown [t:\workspace\open\src\hotspot\share\runtime\reflection.cpp, line 1121]
Event: 1.994 Thread 0x0000020b152fcff0 Exception <a 'sun/nio/fs/WindowsException'{0x000000008b686568}> (0x000000008b686568) 
thrown [t:\workspace\open\src\hotspot\share\prims\jni.cpp, line 516]
Event: 2.000 Thread 0x0000020b152fcff0 Exception <a 'java/lang/NoSuchMethodError'{0x000000008b6ad258}: 'int java.lang.invoke.DirectMethodHandle$Holder.invokeStaticInit(java.lang.Object, java.lang.Object, java.lang.Object, java.lang.Object)'> (0x000000008b6ad258) 
thrown [t:\workspace\open\src\hotspot\share\interpreter\linkResolver.cpp, line 766]
Event: 2.001 Thread 0x0000020b152fcff0 Exception <a 'java/lang/IncompatibleClassChangeError'{0x000000008b6b6948}: Found class java.lang.Object, but interface was expected> (0x000000008b6b6948) 
thrown [t:\workspace\open\src\hotspot\share\interpreter\linkResolver.cpp, line 833]
Event: 2.025 Thread 0x0000020b152fcff0 Exception <a 'java/lang/NoSuchMethodError'{0x000000008b494290}: 'java.lang.Object java.lang.invoke.DirectMethodHandle$Holder.invokeStaticInit(java.lang.Object, int, int, int, int)'> (0x000000008b494290) 
thrown [t:\workspace\open\src\hotspot\share\interpreter\linkResolver.cpp, line 766]
Event: 2.066 Thread 0x0000020b152fcff0 Exception <a 'java/lang/NoSuchMethodError'{0x000000008b302470}: 'java.lang.Object java.lang.invoke.DirectMethodHandle$Holder.invokeStaticInit(java.lang.Object, java.lang.Object, int, int, int, int)'> (0x000000008b302470) 
thrown [t:\workspace\open\src\hotspot\share\interpreter\linkResolver.cpp, line 766]
Event: 5.370 Thread 0x0000020b152fcff0 Exception <a 'java/lang/ClassNotFoundException'{0x000000008a0a0a88}: com/sun/javafx/scene/control/skin/resources/controls> (0x000000008a0a0a88) 
thrown [t:\workspace\open\src\hotspot\share\prims\jni.cpp, line 535]
Event: 5.371 Thread 0x0000020b152fcff0 Exception <a 'java/lang/ClassNotFoundException'{0x000000008a0aeaf8}: com/sun/javafx/scene/control/skin/resources/controls_en> (0x000000008a0aeaf8) 
thrown [t:\workspace\open\src\hotspot\share\prims\jni.cpp, line 535]
Event: 5.371 Thread 0x0000020b152fcff0 Exception <a 'java/lang/ClassNotFoundException'{0x000000008a0b0a20}: com/sun/javafx/scene/control/skin/resources/controls_en_US> (0x000000008a0b0a20) 
thrown [t:\workspace\open\src\hotspot\share\prims\jni.cpp, line 535]
Event: 5.398 Thread 0x0000020b152fcff0 Exception <a 'java/lang/NoSuchMethodError'{0x0000000089e835b8}: 'int java.lang.invoke.DirectMethodHandle$Holder.invokeSpecial(java.lang.Object, java.lang.Object, int)'> (0x0000000089e835b8) 
thrown [t:\workspace\open\src\hotspot\share\interpreter\linkResolver.cpp, line 766]
Event: 13.230 Thread 0x0000020b152fcff0 Exception <a 'java/lang/NoSuchMethodError'{0x00000000894f18f8}: 'void java.lang.invoke.DirectMethodHandle$Holder.invokeSpecial(java.lang.Object, java.lang.Object, java.lang.Object, java.lang.Object, java.lang.Object, java.lang.Object)'> (0x00000000894f18f8) 
thrown [t:\workspace\open\src\hotspot\share\interpreter\linkResolver.cpp, line 766]

VM Operations (20 events):
Event: 18.394 Executing VM operation: G1CollectForAllocation
Event: 18.398 Executing VM operation: G1CollectForAllocation done
Event: 20.399 Executing VM operation: Cleanup
Event: 20.399 Executing VM operation: Cleanup done
Event: 22.399 Executing VM operation: Cleanup
Event: 22.400 Executing VM operation: Cleanup done
Event: 24.400 Executing VM operation: Cleanup
Event: 24.401 Executing VM operation: Cleanup done
Event: 26.677 Executing VM operation: G1CollectForAllocation
Event: 26.682 Executing VM operation: G1CollectForAllocation done
Event: 27.682 Executing VM operation: Cleanup
Event: 27.683 Executing VM operation: Cleanup done
Event: 29.118 Executing VM operation: G1TryInitiateConcMark
Event: 29.120 Executing VM operation: G1TryInitiateConcMark done
Event: 29.129 Executing VM operation: G1Concurrent
Event: 29.134 Executing VM operation: G1Concurrent done
Event: 29.138 Executing VM operation: G1Concurrent
Event: 29.138 Executing VM operation: G1Concurrent done
Event: 30.138 Executing VM operation: Cleanup
Event: 30.138 Executing VM operation: Cleanup done

Events (20 events):
Event: 5.350 loading class java/util/stream/IntPipeline$1
Event: 5.351 loading class java/util/stream/IntPipeline$1 done
Event: 5.351 loading class java/util/stream/IntPipeline$1$1
Event: 5.351 loading class java/util/stream/IntPipeline$1$1 done
Event: 13.248 loading class java/lang/FdLibm$Hypot
Event: 13.248 loading class java/lang/FdLibm$Hypot done
Event: 13.248 loading class java/lang/FdLibm
Event: 13.249 loading class java/lang/FdLibm done
Event: 13.278 Thread 0x0000020b15f799b0 Thread added: 0x0000020b15f799b0
Event: 14.323 Thread 0x0000020b15f799b0 Thread exited: 0x0000020b15f799b0
Event: 15.178 Thread 0x0000020b15f799b0 Thread added: 0x0000020b15f799b0
Event: 15.572 Thread 0x0000020b15f799b0 Thread exited: 0x0000020b15f799b0
Event: 16.695 Thread 0x0000020b15f799b0 Thread added: 0x0000020b15f799b0
Event: 17.377 Thread 0x0000020b15f799b0 Thread exited: 0x0000020b15f799b0
Event: 18.449 loading class java/lang/Throwable$WrappedPrintStream
Event: 18.449 loading class java/lang/Throwable$WrappedPrintStream done
Event: 29.165 Thread 0x0000020b1606fed0 Thread added: 0x0000020b1606fed0
Event: 30.047 Thread 0x0000020b1606fed0 Thread exited: 0x0000020b1606fed0
Event: 30.461 Thread 0x0000020b15f799b0 Thread added: 0x0000020b15f799b0
Event: 30.480 Thread 0x0000020b15d07a40 Thread added: 0x0000020b15d07a40


Dynamic libraries:
0x00007ff7638d0000 - 0x00007ff7638e0000 	C:\Program Files\Java\jdk-15.0.2\bin\javaw.exe
0x00007ff8a42c0000 - 0x00007ff8a44c9000 	C:\WINDOWS\SYSTEM32\ntdll.dll
0x00007ff8a23a0000 - 0x00007ff8a245e000 	C:\WINDOWS\System32\KERNEL32.DLL
0x00007ff8a1790000 - 0x00007ff8a1b0b000 	C:\WINDOWS\System32\KERNELBASE.dll
0x00007ff8a1e10000 - 0x00007ff8a1f21000 	C:\WINDOWS\System32\ucrtbase.dll
0x00007ff898f60000 - 0x00007ff898f78000 	C:\Program Files\Java\jdk-15.0.2\bin\jli.dll
0x00007ff897a60000 - 0x00007ff897a7a000 	C:\Program Files\Java\jdk-15.0.2\bin\VCRUNTIME140.dll
0x00007ff8a3ca0000 - 0x00007ff8a3d4e000 	C:\WINDOWS\System32\ADVAPI32.dll
0x00007ff8a21d0000 - 0x00007ff8a2273000 	C:\WINDOWS\System32\msvcrt.dll
0x00007ff8a3c00000 - 0x00007ff8a3c9e000 	C:\WINDOWS\System32\sechost.dll
0x00007ff8a4070000 - 0x00007ff8a4190000 	C:\WINDOWS\System32\RPCRT4.dll
0x00007ff8a2840000 - 0x00007ff8a29ed000 	C:\WINDOWS\System32\USER32.dll
0x00007ff8a2110000 - 0x00007ff8a2136000 	C:\WINDOWS\System32\win32u.dll
0x00007ff876250000 - 0x00007ff8764f5000 	C:\WINDOWS\WinSxS\amd64_microsoft.windows.common-controls_6595b64144ccf1df_6.0.22000.120_none_9d947278b86cc467\COMCTL32.dll
0x00007ff8a2280000 - 0x00007ff8a22a9000 	C:\WINDOWS\System32\GDI32.dll
0x00007ff8a1c80000 - 0x00007ff8a1d98000 	C:\WINDOWS\System32\gdi32full.dll
0x00007ff8a1f30000 - 0x00007ff8a1fcd000 	C:\WINDOWS\System32\msvcp_win.dll
0x00007ff899170000 - 0x00007ff89917a000 	C:\WINDOWS\SYSTEM32\VERSION.dll
0x00007ff8a4030000 - 0x00007ff8a4062000 	C:\WINDOWS\System32\IMM32.DLL
0x00007ff89a0f0000 - 0x00007ff89a0fc000 	C:\Program Files\Java\jdk-15.0.2\bin\vcruntime140_1.dll
0x00007ff890f80000 - 0x00007ff89100d000 	C:\Program Files\Java\jdk-15.0.2\bin\msvcp140.dll
0x00007ff883240000 - 0x00007ff883dfe000 	C:\Program Files\Java\jdk-15.0.2\bin\server\jvm.dll
0x00007ff8a3370000 - 0x00007ff8a3378000 	C:\WINDOWS\System32\PSAPI.DLL
0x00007ff891010000 - 0x00007ff891019000 	C:\WINDOWS\SYSTEM32\WSOCK32.dll
0x00007ff898ed0000 - 0x00007ff898f03000 	C:\WINDOWS\SYSTEM32\WINMM.dll
0x00007ff8a2160000 - 0x00007ff8a21cf000 	C:\WINDOWS\System32\WS2_32.dll
0x00007ff8a0900000 - 0x00007ff8a0918000 	C:\WINDOWS\SYSTEM32\kernel.appcore.dll
0x00007ff890df0000 - 0x00007ff890dfa000 	C:\Program Files\Java\jdk-15.0.2\bin\jimage.dll
0x00007ff89f150000 - 0x00007ff89f371000 	C:\WINDOWS\SYSTEM32\DBGHELP.DLL
0x00007ff88f050000 - 0x00007ff88f081000 	C:\WINDOWS\SYSTEM32\dbgcore.DLL
0x00007ff8a1fd0000 - 0x00007ff8a204f000 	C:\WINDOWS\System32\bcryptPrimitives.dll
0x00007ff88af80000 - 0x00007ff88afa5000 	C:\Program Files\Java\jdk-15.0.2\bin\java.dll
0x00007ff889ae0000 - 0x00007ff889bb6000 	C:\Program Files\Java\jdk-15.0.2\bin\svml.dll
0x00007ff8a2bb0000 - 0x00007ff8a3367000 	C:\WINDOWS\System32\SHELL32.dll
0x00007ff89f860000 - 0x00007ff8a00c5000 	C:\WINDOWS\SYSTEM32\windows.storage.dll
0x00007ff8a2460000 - 0x00007ff8a27d8000 	C:\WINDOWS\System32\combase.dll
0x00007ff89f6f0000 - 0x00007ff89f856000 	C:\WINDOWS\SYSTEM32\wintypes.dll
0x00007ff8a4190000 - 0x00007ff8a427a000 	C:\WINDOWS\System32\SHCORE.dll
0x00007ff8a3e30000 - 0x00007ff8a3e8d000 	C:\WINDOWS\System32\shlwapi.dll
0x00007ff8a16c0000 - 0x00007ff8a16e1000 	C:\WINDOWS\SYSTEM32\profapi.dll
0x00007ff88af60000 - 0x00007ff88af79000 	C:\Program Files\Java\jdk-15.0.2\bin\net.dll
0x00007ff8999d0000 - 0x00007ff899ae4000 	C:\WINDOWS\SYSTEM32\WINHTTP.dll
0x00007ff8a0da0000 - 0x00007ff8a0e07000 	C:\WINDOWS\system32\mswsock.dll
0x00007ff88af40000 - 0x00007ff88af55000 	C:\Program Files\Java\jdk-15.0.2\bin\nio.dll
0x00007ff88ab50000 - 0x00007ff88ab68000 	C:\Program Files\Java\jdk-15.0.2\bin\zip.dll
0x0000020b73ff0000 - 0x0000020b73ff3000 	C:\Users\ADMIN\OneDrive\Desktop\TKXDPM_gr\Capstone_TKXDPM.20221_Group9\source\EcoBike\lib\javafx-sdk-11.0.2\bin\api-ms-win-core-console-l1-1-0.dll
0x0000020b74000000 - 0x0000020b74003000 	C:\Users\ADMIN\OneDrive\Desktop\TKXDPM_gr\Capstone_TKXDPM.20221_Group9\source\EcoBike\lib\javafx-sdk-11.0.2\bin\api-ms-win-core-datetime-l1-1-0.dll
0x0000020b74010000 - 0x0000020b74013000 	C:\Users\ADMIN\OneDrive\Desktop\TKXDPM_gr\Capstone_TKXDPM.20221_Group9\source\EcoBike\lib\javafx-sdk-11.0.2\bin\api-ms-win-core-debug-l1-1-0.dll
0x0000020b74020000 - 0x0000020b74023000 	C:\Users\ADMIN\OneDrive\Desktop\TKXDPM_gr\Capstone_TKXDPM.20221_Group9\source\EcoBike\lib\javafx-sdk-11.0.2\bin\api-ms-win-core-errorhandling-l1-1-0.dll
0x0000020b75f90000 - 0x0000020b75f94000 	C:\Users\ADMIN\OneDrive\Desktop\TKXDPM_gr\Capstone_TKXDPM.20221_Group9\source\EcoBike\lib\javafx-sdk-11.0.2\bin\api-ms-win-core-file-l1-1-0.dll
0x0000020b75fa0000 - 0x0000020b75fa3000 	C:\Users\ADMIN\OneDrive\Desktop\TKXDPM_gr\Capstone_TKXDPM.20221_Group9\source\EcoBike\lib\javafx-sdk-11.0.2\bin\api-ms-win-core-file-l1-2-0.dll
0x0000020b75fb0000 - 0x0000020b75fb3000 	C:\Users\ADMIN\OneDrive\Desktop\TKXDPM_gr\Capstone_TKXDPM.20221_Group9\source\EcoBike\lib\javafx-sdk-11.0.2\bin\api-ms-win-core-file-l2-1-0.dll
0x0000020b75fc0000 - 0x0000020b75fc3000 	C:\Users\ADMIN\OneDrive\Desktop\TKXDPM_gr\Capstone_TKXDPM.20221_Group9\source\EcoBike\lib\javafx-sdk-11.0.2\bin\api-ms-win-core-handle-l1-1-0.dll
0x0000020b75fd0000 - 0x0000020b75fd3000 	C:\Users\ADMIN\OneDrive\Desktop\TKXDPM_gr\Capstone_TKXDPM.20221_Group9\source\EcoBike\lib\javafx-sdk-11.0.2\bin\api-ms-win-core-heap-l1-1-0.dll
0x0000020b7f260000 - 0x0000020b7f263000 	C:\Users\ADMIN\OneDrive\Desktop\TKXDPM_gr\Capstone_TKXDPM.20221_Group9\source\EcoBike\lib\javafx-sdk-11.0.2\bin\api-ms-win-core-interlocked-l1-1-0.dll
0x0000020b7f270000 - 0x0000020b7f273000 	C:\Users\ADMIN\OneDrive\Desktop\TKXDPM_gr\Capstone_TKXDPM.20221_Group9\source\EcoBike\lib\javafx-sdk-11.0.2\bin\api-ms-win-core-libraryloader-l1-1-0.dll
0x0000020b7f3a0000 - 0x0000020b7f3a3000 	C:\Users\ADMIN\OneDrive\Desktop\TKXDPM_gr\Capstone_TKXDPM.20221_Group9\source\EcoBike\lib\javafx-sdk-11.0.2\bin\api-ms-win-core-localization-l1-2-0.dll
0x0000020b7f280000 - 0x0000020b7f283000 	C:\Users\ADMIN\OneDrive\Desktop\TKXDPM_gr\Capstone_TKXDPM.20221_Group9\source\EcoBike\lib\javafx-sdk-11.0.2\bin\api-ms-win-core-memory-l1-1-0.dll
0x0000020b7f290000 - 0x0000020b7f293000 	C:\Users\ADMIN\OneDrive\Desktop\TKXDPM_gr\Capstone_TKXDPM.20221_Group9\source\EcoBike\lib\javafx-sdk-11.0.2\bin\api-ms-win-core-namedpipe-l1-1-0.dll
0x0000020b7f2a0000 - 0x0000020b7f2a3000 	C:\Users\ADMIN\OneDrive\Desktop\TKXDPM_gr\Capstone_TKXDPM.20221_Group9\source\EcoBike\lib\javafx-sdk-11.0.2\bin\api-ms-win-core-processenvironment-l1-1-0.dll
0x0000020b7f2b0000 - 0x0000020b7f2b3000 	C:\Users\ADMIN\OneDrive\Desktop\TKXDPM_gr\Capstone_TKXDPM.20221_Group9\source\EcoBike\lib\javafx-sdk-11.0.2\bin\api-ms-win-core-processthreads-l1-1-0.dll
0x0000020b7f2c0000 - 0x0000020b7f2c3000 	C:\Users\ADMIN\OneDrive\Desktop\TKXDPM_gr\Capstone_TKXDPM.20221_Group9\source\EcoBike\lib\javafx-sdk-11.0.2\bin\api-ms-win-core-processthreads-l1-1-1.dll
0x0000020b7f2d0000 - 0x0000020b7f2d3000 	C:\Users\ADMIN\OneDrive\Desktop\TKXDPM_gr\Capstone_TKXDPM.20221_Group9\source\EcoBike\lib\javafx-sdk-11.0.2\bin\api-ms-win-core-profile-l1-1-0.dll
0x0000020b7f2e0000 - 0x0000020b7f2e3000 	C:\Users\ADMIN\OneDrive\Desktop\TKXDPM_gr\Capstone_TKXDPM.20221_Group9\source\EcoBike\lib\javafx-sdk-11.0.2\bin\api-ms-win-core-rtlsupport-l1-1-0.dll
0x0000020b7f2f0000 - 0x0000020b7f2f3000 	C:\Users\ADMIN\OneDrive\Desktop\TKXDPM_gr\Capstone_TKXDPM.20221_Group9\source\EcoBike\lib\javafx-sdk-11.0.2\bin\api-ms-win-core-string-l1-1-0.dll
0x0000020b7f300000 - 0x0000020b7f303000 	C:\Users\ADMIN\OneDrive\Desktop\TKXDPM_gr\Capstone_TKXDPM.20221_Group9\source\EcoBike\lib\javafx-sdk-11.0.2\bin\api-ms-win-core-synch-l1-1-0.dll
0x0000020b7f310000 - 0x0000020b7f313000 	C:\Users\ADMIN\OneDrive\Desktop\TKXDPM_gr\Capstone_TKXDPM.20221_Group9\source\EcoBike\lib\javafx-sdk-11.0.2\bin\api-ms-win-core-synch-l1-2-0.dll
0x0000020b7f320000 - 0x0000020b7f323000 	C:\Users\ADMIN\OneDrive\Desktop\TKXDPM_gr\Capstone_TKXDPM.20221_Group9\source\EcoBike\lib\javafx-sdk-11.0.2\bin\api-ms-win-core-sysinfo-l1-1-0.dll
0x0000020b7f330000 - 0x0000020b7f333000 	C:\Users\ADMIN\OneDrive\Desktop\TKXDPM_gr\Capstone_TKXDPM.20221_Group9\source\EcoBike\lib\javafx-sdk-11.0.2\bin\api-ms-win-core-timezone-l1-1-0.dll
0x0000020b7f340000 - 0x0000020b7f343000 	C:\Users\ADMIN\OneDrive\Desktop\TKXDPM_gr\Capstone_TKXDPM.20221_Group9\source\EcoBike\lib\javafx-sdk-11.0.2\bin\api-ms-win-core-util-l1-1-0.dll
0x0000020b7f350000 - 0x0000020b7f353000 	C:\Users\ADMIN\OneDrive\Desktop\TKXDPM_gr\Capstone_TKXDPM.20221_Group9\source\EcoBike\lib\javafx-sdk-11.0.2\bin\api-ms-win-crt-conio-l1-1-0.dll
0x0000020b7f360000 - 0x0000020b7f364000 	C:\Users\ADMIN\OneDrive\Desktop\TKXDPM_gr\Capstone_TKXDPM.20221_Group9\source\EcoBike\lib\javafx-sdk-11.0.2\bin\api-ms-win-crt-convert-l1-1-0.dll
0x0000020b7f370000 - 0x0000020b7f373000 	C:\Users\ADMIN\OneDrive\Desktop\TKXDPM_gr\Capstone_TKXDPM.20221_Group9\source\EcoBike\lib\javafx-sdk-11.0.2\bin\api-ms-win-crt-environment-l1-1-0.dll
0x0000020b7f380000 - 0x0000020b7f383000 	C:\Users\ADMIN\OneDrive\Desktop\TKXDPM_gr\Capstone_TKXDPM.20221_Group9\source\EcoBike\lib\javafx-sdk-11.0.2\bin\api-ms-win-crt-filesystem-l1-1-0.dll
0x0000020b165b0000 - 0x0000020b165b3000 	C:\Users\ADMIN\OneDrive\Desktop\TKXDPM_gr\Capstone_TKXDPM.20221_Group9\source\EcoBike\lib\javafx-sdk-11.0.2\bin\api-ms-win-crt-heap-l1-1-0.dll
0x0000020b165c0000 - 0x0000020b165c3000 	C:\Users\ADMIN\OneDrive\Desktop\TKXDPM_gr\Capstone_TKXDPM.20221_Group9\source\EcoBike\lib\javafx-sdk-11.0.2\bin\api-ms-win-crt-locale-l1-1-0.dll
0x0000020b165d0000 - 0x0000020b165d5000 	C:\Users\ADMIN\OneDrive\Desktop\TKXDPM_gr\Capstone_TKXDPM.20221_Group9\source\EcoBike\lib\javafx-sdk-11.0.2\bin\api-ms-win-crt-math-l1-1-0.dll
0x0000020b165e0000 - 0x0000020b165e5000 	C:\Users\ADMIN\OneDrive\Desktop\TKXDPM_gr\Capstone_TKXDPM.20221_Group9\source\EcoBike\lib\javafx-sdk-11.0.2\bin\api-ms-win-crt-multibyte-l1-1-0.dll
0x0000020b165f0000 - 0x0000020b16600000 	C:\Users\ADMIN\OneDrive\Desktop\TKXDPM_gr\Capstone_TKXDPM.20221_Group9\source\EcoBike\lib\javafx-sdk-11.0.2\bin\api-ms-win-crt-private-l1-1-0.dll
0x0000020b16600000 - 0x0000020b16603000 	C:\Users\ADMIN\OneDrive\Desktop\TKXDPM_gr\Capstone_TKXDPM.20221_Group9\source\EcoBike\lib\javafx-sdk-11.0.2\bin\api-ms-win-crt-process-l1-1-0.dll
0x0000020b16610000 - 0x0000020b16614000 	C:\Users\ADMIN\OneDrive\Desktop\TKXDPM_gr\Capstone_TKXDPM.20221_Group9\source\EcoBike\lib\javafx-sdk-11.0.2\bin\api-ms-win-crt-runtime-l1-1-0.dll
0x0000020b16620000 - 0x0000020b16624000 	C:\Users\ADMIN\OneDrive\Desktop\TKXDPM_gr\Capstone_TKXDPM.20221_Group9\source\EcoBike\lib\javafx-sdk-11.0.2\bin\api-ms-win-crt-stdio-l1-1-0.dll
0x0000020b16630000 - 0x0000020b16634000 	C:\Users\ADMIN\OneDrive\Desktop\TKXDPM_gr\Capstone_TKXDPM.20221_Group9\source\EcoBike\lib\javafx-sdk-11.0.2\bin\api-ms-win-crt-string-l1-1-0.dll
0x0000020b16640000 - 0x0000020b16643000 	C:\Users\ADMIN\OneDrive\Desktop\TKXDPM_gr\Capstone_TKXDPM.20221_Group9\source\EcoBike\lib\javafx-sdk-11.0.2\bin\api-ms-win-crt-time-l1-1-0.dll
0x0000020b16650000 - 0x0000020b16653000 	C:\Users\ADMIN\OneDrive\Desktop\TKXDPM_gr\Capstone_TKXDPM.20221_Group9\source\EcoBike\lib\javafx-sdk-11.0.2\bin\api-ms-win-crt-utility-l1-1-0.dll
0x00007ff889410000 - 0x00007ff88950a000 	C:\Users\ADMIN\OneDrive\Desktop\TKXDPM_gr\Capstone_TKXDPM.20221_Group9\source\EcoBike\lib\javafx-sdk-11.0.2\bin\ucrtbase.dll
0x00007ff891110000 - 0x00007ff891126000 	C:\Users\ADMIN\OneDrive\Desktop\TKXDPM_gr\Capstone_TKXDPM.20221_Group9\source\EcoBike\lib\javafx-sdk-11.0.2\bin\vcruntime140.dll
0x00007ff890ed0000 - 0x00007ff890f76000 	C:\Users\ADMIN\OneDrive\Desktop\TKXDPM_gr\Capstone_TKXDPM.20221_Group9\source\EcoBike\lib\javafx-sdk-11.0.2\bin\msvcp140.dll
0x00007ff88b330000 - 0x00007ff88b381000 	C:\Users\ADMIN\OneDrive\Desktop\TKXDPM_gr\Capstone_TKXDPM.20221_Group9\source\EcoBike\lib\javafx-sdk-11.0.2\bin\concrt140.dll
0x00007ff8910e0000 - 0x00007ff891103000 	C:\Users\ADMIN\OneDrive\Desktop\TKXDPM_gr\Capstone_TKXDPM.20221_Group9\source\EcoBike\lib\javafx-sdk-11.0.2\bin\prism_d3d.dll
0x00007ff81fa10000 - 0x00007ff81fbb6000 	C:\WINDOWS\system32\d3d9.dll
0x00007ff89ec30000 - 0x00007ff89ec5f000 	C:\WINDOWS\SYSTEM32\dwmapi.dll
0x00007ff89ebb0000 - 0x00007ff89ebe8000 	C:\WINDOWS\SYSTEM32\dxcore.dll
0x00007ff89adb0000 - 0x00007ff89ae5c000 	C:\WINDOWS\system32\uxtheme.dll
0x00007ff887f10000 - 0x00007ff8880b2000 	C:\WINDOWS\System32\DriverStore\FileRepository\iigd_dch.inf_amd64_ebf638e0a8a70542\igdumdim64.dll
0x00007ff8a3530000 - 0x00007ff8a36ca000 	C:\WINDOWS\System32\ole32.dll
0x00007ff800a60000 - 0x00007ff804670000 	C:\WINDOWS\System32\DriverStore\FileRepository\iigd_dch.inf_amd64_ebf638e0a8a70542\igd9dxva64.dll
0x00007ff8a3d50000 - 0x00007ff8a3e26000 	C:\WINDOWS\System32\OLEAUT32.dll
0x00007ff8a3790000 - 0x00007ff8a3bfc000 	C:\WINDOWS\System32\SETUPAPI.dll
0x00007ff8a1490000 - 0x00007ff8a14dc000 	C:\WINDOWS\SYSTEM32\cfgmgr32.dll
0x00007ff892250000 - 0x00007ff892617000 	C:\WINDOWS\System32\DriverStore\FileRepository\iigd_dch.inf_amd64_ebf638e0a8a70542\igdgmm64.dll
0x00007ff8973f0000 - 0x00007ff897434000 	C:\WINDOWS\SYSTEM32\directxdatabasehelper.dll
0x00007ff8a0920000 - 0x00007ff8a0954000 	C:\WINDOWS\SYSTEM32\ntmarta.dll
0x00007ff88a190000 - 0x00007ff88a1d5000 	C:\Users\ADMIN\OneDrive\Desktop\TKXDPM_gr\Capstone_TKXDPM.20221_Group9\source\EcoBike\lib\javafx-sdk-11.0.2\bin\glass.dll
0x00007ff8a3ed0000 - 0x00007ff8a3fbc000 	C:\WINDOWS\System32\COMDLG32.dll
0x00007ff8a3380000 - 0x00007ff8a349d000 	C:\WINDOWS\System32\MSCTF.dll
0x00007ff8282b0000 - 0x00007ff8282d7000 	C:\WINDOWS\System32\DriverStore\FileRepository\iigd_dch.inf_amd64_ebf638e0a8a70542\igdinfo64.dll
0x00007ff88b570000 - 0x00007ff88eb22000 	C:\WINDOWS\System32\DriverStore\FileRepository\iigd_dch.inf_amd64_ebf638e0a8a70542\igc64.dll
0x00007ff890e00000 - 0x00007ff890e14000 	C:\Users\ADMIN\OneDrive\Desktop\TKXDPM_gr\Capstone_TKXDPM.20221_Group9\source\EcoBike\lib\javafx-sdk-11.0.2\bin\javafx_font.dll
0x00007ff86af70000 - 0x00007ff86b1cf000 	C:\WINDOWS\SYSTEM32\dwrite.dll
0x00007ff8a36d0000 - 0x00007ff8a3785000 	C:\WINDOWS\System32\clbcatq.dll
0x00007ff895df0000 - 0x00007ff895f9e000 	C:\WINDOWS\SYSTEM32\WindowsCodecs.dll
0x00007ff876930000 - 0x00007ff87698d000 	C:\WINDOWS\system32\dataexchange.dll
0x00007ff894a20000 - 0x00007ff894c86000 	C:\WINDOWS\system32\twinapi.appcore.dll
0x00007ff88a150000 - 0x00007ff88a182000 	C:\Program Files\Common Files\Microsoft Shared\Ink\rtscom.dll
0x00007ff876120000 - 0x00007ff87624d000 	C:\WINDOWS\SYSTEM32\textinputframework.dll
0x00007ff89a9c0000 - 0x00007ff89aaf1000 	C:\WINDOWS\SYSTEM32\CoreMessaging.dll
0x00007ff896b90000 - 0x00007ff896efd000 	C:\WINDOWS\SYSTEM32\CoreUIComponents.dll
0x00007ff8a1000000 - 0x00007ff8a100c000 	C:\WINDOWS\SYSTEM32\CRYPTBASE.DLL
0x00007ff897b00000 - 0x00007ff8980b8000 	C:\WINDOWS\SYSTEM32\d2d1.dll
0x00007ff8966b0000 - 0x00007ff896930000 	C:\WINDOWS\SYSTEM32\d3d11.dll
0x00007ff89af20000 - 0x00007ff89b013000 	C:\WINDOWS\SYSTEM32\dxgi.dll
0x00007ff895fa0000 - 0x00007ff8966a2000 	C:\WINDOWS\SYSTEM32\D3D10Warp.dll
0x00007ff88b300000 - 0x00007ff88b32c000 	C:\Users\ADMIN\OneDrive\Desktop\TKXDPM_gr\Capstone_TKXDPM.20221_Group9\source\EcoBike\lib\javafx-sdk-11.0.2\bin\javafx_iio.dll
0x00007ff890de0000 - 0x00007ff890df0000 	C:\Program Files\Java\jdk-15.0.2\bin\verify.dll
0x00007ff8a0430000 - 0x00007ff8a0518000 	C:\WINDOWS\SYSTEM32\DNSAPI.dll
0x00007ff8a0400000 - 0x00007ff8a042d000 	C:\WINDOWS\SYSTEM32\IPHLPAPI.DLL
0x00007ff8a3e90000 - 0x00007ff8a3e99000 	C:\WINDOWS\System32\NSI.dll

dbghelp: loaded successfully - version: 4.0.5 - missing functions: none
symbol engine: initialized successfully - sym options: 0x614 - pdb path: .;C:\Program Files\Java\jdk-15.0.2\bin;C:\WINDOWS\SYSTEM32;C:\WINDOWS\WinSxS\amd64_microsoft.windows.common-controls_6595b64144ccf1df_6.0.22000.120_none_9d947278b86cc467;C:\Program Files\Java\jdk-15.0.2\bin\server;C:\Users\ADMIN\OneDrive\Desktop\TKXDPM_gr\Capstone_TKXDPM.20221_Group9\source\EcoBike\lib\javafx-sdk-11.0.2\bin;C:\WINDOWS\System32\DriverStore\FileRepository\iigd_dch.inf_amd64_ebf638e0a8a70542;C:\Program Files\Common Files\Microsoft Shared\Ink

VM Arguments:
jvm_args: --module-path=.\lib\javafx-sdk-11.0.2\lib --add-modules=javafx.controls,javafx.fxml -Dfile.encoding=UTF-8 -XX:+ShowCodeDetailsInExceptionMessages 
java_command: App
java_class_path (initial): C:\Users\ADMIN\OneDrive\Desktop\TKXDPM_gr\Capstone_TKXDPM.20221_Group9\source\EcoBike\bin;C:\Users\ADMIN\.p2\pool\plugins\org.junit.jupiter.api_5.7.1.v20210222-1948.jar;C:\Users\ADMIN\.p2\pool\plugins\org.junit.jupiter.engine_5.7.1.v20210222-1948.jar;C:\Users\ADMIN\.p2\pool\plugins\org.junit.jupiter.migrationsupport_5.7.1.v20210222-1948.jar;C:\Users\ADMIN\.p2\pool\plugins\org.junit.jupiter.params_5.7.1.v20210222-1948.jar;C:\Users\ADMIN\.p2\pool\plugins\org.junit.platform.commons_1.7.1.v20210222-1948.jar;C:\Users\ADMIN\.p2\pool\plugins\org.junit.platform.engine_1.7.1.v20210222-1948.jar;C:\Users\ADMIN\.p2\pool\plugins\org.junit.platform.launcher_1.7.1.v20210222-1948.jar;C:\Users\ADMIN\.p2\pool\plugins\org.junit.platform.runner_1.7.1.v20210222-1948.jar;C:\Users\ADMIN\.p2\pool\plugins\org.junit.platform.suite.api_1.7.1.v20210222-1948.jar;C:\Users\ADMIN\.p2\pool\plugins\org.junit.vintage.engine_5.7.1.v20210222-1948.jar;C:\Users\ADMIN\.p2\pool\plugins\org.opentest4j_1.2.0.v20190826-0900.jar;C:\Users\ADMIN\.p2\pool\plugins\org.apiguardian_1.1.0.v20190826-0900.jar;C:\Users\ADMIN\.p2\pool\plugins\org.junit_4.13.0.v20200204-1500.jar;C:\Users\ADMIN\.p2\pool\plugins\org.hamcrest.core_1.3.0.v20180420-1519.jar;C:\Users\ADMIN\OneDrive\Desktop\TKXDPM_gr\Capstone_TKXDPM.20221_Group9\source\EcoBike\lib\java_lib\gson-2.8.6.jar;C:\Users\ADMIN\OneDrive\Desktop\TKXDPM_gr\Capstone_TKXDPM.20221_Group9\source\EcoBike\lib\java_lib\hamcrest-core-1.3.jar;C:\Users\ADMIN\OneDrive\Desktop\TKXDPM_gr\Capstone_TKXDPM.20221_Group9\source\EcoBike\lib\java_lib\httpclient-4.5.13.jar;C:\Users\ADMIN\OneDrive\Desktop\TKXDPM_gr\Capstone_TKXDPM.20221_Group9\source\EcoBike\lib\java_lib\httpcore-4.4.14.jar;C:\Users\ADMIN\OneDrive\Desktop\TKXDPM_gr\Capstone_TKXDPM.20221_Group9\source\EcoBike\lib\java_lib\jackson-annotations-2.10.5.jar;C:\Users\ADMIN\OneDrive\Desktop\TKXDPM_gr\Capstone_TKXDPM.20221_Group9\source\EcoBike\lib\java_lib\jackson-core-2.10.5.jar;C:\Users\ADMIN\OneDrive\Des
Launcher Type: SUN_STANDARD

[Global flags]
     intx CICompilerCount                          = 4                                         {product} {ergonomic}
     uint ConcGCThreads                            = 2                                         {product} {ergonomic}
     uint G1ConcRefinementThreads                  = 8                                         {product} {ergonomic}
   size_t G1HeapRegionSize                         = 1048576                                   {product} {ergonomic}
    uintx GCDrainStackTargetSize                   = 64                                        {product} {ergonomic}
   size_t InitialHeapSize                          = 130023424                                 {product} {ergonomic}
   size_t MarkStackSize                            = 4194304                                   {product} {ergonomic}
   size_t MaxHeapSize                              = 2076180480                                {product} {ergonomic}
   size_t MaxNewSize                               = 1245708288                                {product} {ergonomic}
   size_t MinHeapDeltaBytes                        = 1048576                                   {product} {ergonomic}
   size_t MinHeapSize                              = 8388608                                   {product} {ergonomic}
    uintx NonNMethodCodeHeapSize                   = 5839372                                {pd product} {ergonomic}
    uintx NonProfiledCodeHeapSize                  = 122909434                              {pd product} {ergonomic}
    uintx ProfiledCodeHeapSize                     = 122909434                              {pd product} {ergonomic}
    uintx ReservedCodeCacheSize                    = 251658240                              {pd product} {ergonomic}
     bool SegmentedCodeCache                       = true                                      {product} {ergonomic}
     bool ShowCodeDetailsInExceptionMessages       = true                                   {manageable} {command line}
   size_t SoftMaxHeapSize                          = 2076180480                             {manageable} {ergonomic}
     bool UseCompressedClassPointers               = true                           {product lp64_product} {ergonomic}
     bool UseCompressedOops                        = true                           {product lp64_product} {ergonomic}
     bool UseG1GC                                  = true                                      {product} {ergonomic}
     bool UseLargePagesIndividualAllocation        = false                                  {pd product} {ergonomic}

Logging:
Log output configuration:
 #0: stdout all=warning uptime,level,tags
 #1: stderr all=off uptime,level,tags

Environment Variables:
JAVA_HOME=D:\Java1
PATH=C:/Program Files/Java/jdk-15.0.2/bin/server;C:/Program Files/Java/jdk-15.0.2/bin;D:\DownloadDirectory\opl\bin\x64_win64;D:\DownloadDirectory\opl\oplide\;D:\DownloadDirectory\cplex\bin\x64_win64;D:\DownloadDirectory\cpoptimizer\bin\x64_win64;C:\Program Files\Common Files\Oracle\Java\javapath;C:\Program Files (x86)\Common Files\Oracle\Java\javapath;C:\WINDOWS\system32;C:\WINDOWS;C:\WINDOWS\System32\Wbem;C:\WINDOWS\System32\WindowsPowerShell\v1.0\;C:\WINDOWS\System32\OpenSSH\;C:\Users\ADMIN\Desktop\Shell\Shell;C:\Users\ADMIN\Desktop\Shell\Shell\clock.exe;C:\Program Files\Git\cmd;C:\Program Files\dotnet\;D:\bigdata\hadoop-3.3.0\bin;C:\Program Files\Java\jdk-17.0.1\bin;C:\Program Files\Common Files\Oracle\Java\javapath;C:\Program Files (x86)\Common Files\Oracle\Java\javapath;C:\WINDOWS\system32;C:\WINDOWS;C:\WINDOWS\System32\Wbem;C:\WINDOWS\System32\WindowsPowerShell\v1.0\;C:\WINDOWS\System32\OpenSSH\;C:\Users\ADMIN\Desktop\Shell\Shell;C:\Users\ADMIN\Desktop\Shell\Shell\clock.exe;C:\Program Files\Git\cmd;C:\Program Files\dotnet\;C:\Users\ADMIN\AppData\Local\Programs\Python\Python39\Scripts\;C:\Users\ADMIN\AppData\Local\Programs\Python\Python39\;C:\Users\ADMIN\AppData\Local\Microsoft\WindowsApps;D:\Dev-Cpp\MinGW64\bin;C:\Program Files\JetBrains\PyCharm Community Edition 2021.1.2\bin;D:\bigdata\hadoop-3.3.0\bin;D:\Java\bin;D:\Java1\bin;D:\big-data\hadoop-3.2.1\bin;D:\Microsoft VS Code\bin;E:\tmp\google-cloud-sdk\bin;C:\Users\ADMIN\OneDrive\Desktop;
USERNAME=ADMIN
OS=Windows_NT
PROCESSOR_IDENTIFIER=Intel64 Family 6 Model 140 Stepping 1, GenuineIntel



---------------  S Y S T E M  ---------------

OS:
 Windows 10 , 64 bit Build 22000 (10.0.22000.1335)
OS uptime: 0 days 1:13 hours
Hyper-V role detected

CPU: total 8 (initial active 8) (4 cores per cpu, 2 threads per core) family 6 model 140 stepping 1 microcode 0xa4, cx8, cmov, fxsr, ht, mmx, 3dnowpref, sse, sse2, sse3, ssse3, sse4.1, sse4.2, popcnt, lzcnt, tsc, tscinvbit, avx, avx2, aes, erms, clmul, bmi1, bmi2, adx, avx512f, avx512dq, avx512cd, avx512bw, avx512vl, sha, fma, vzeroupper, avx512_vpopcntdq, avx512_vpclmulqdq, avx512_vaes, avx512_vnni, clflush, clflushopt, clwb, avx512_vbmi2, avx512_vbmi, hv

Memory: 4k page, system-wide physical 7918M (836M free)
TotalPageFile size 7918M (AvailPageFile size 5M)
current process WorkingSet (physical memory assigned to process): 347M, peak: 348M
current process commit charge ("private bytes"): 392M, peak: 393M

vm_info: Java HotSpot(TM) 64-Bit Server VM (17.0.1+12-LTS-39) for windows-amd64 JRE (17.0.1+12-LTS-39), built on Sep 27 2021 18:41:35 by "mach5one" with MS VC++ 16.8 (VS2019)

END.
